CRITICAL - 2022-02-16 00:04:40 --> Undefined variable: arr_prefix
#0 C:\xampp\htdocs\campmodel\app\Views\v_show_input.php(17): CodeIgniter\Debug\Exceptions->errorHandler(8, 'Undefined varia...', 'C:\\xampp\\htdocs...', 17, Array)
#1 C:\xampp\htdocs\campmodel\system\View\View.php(210): include('C:\\xampp\\htdocs...')
#2 C:\xampp\htdocs\campmodel\system\View\View.php(213): CodeIgniter\View\View->CodeIgniter\View\{closure}()
#3 C:\xampp\htdocs\campmodel\system\Common.php(1089): CodeIgniter\View\View->render('v_show_input', Array, true)
#4 C:\xampp\htdocs\campmodel\app\Controllers\Work_shop1.php(7): view('v_show_input')
#5 C:\xampp\htdocs\campmodel\system\CodeIgniter.php(825): App\Controllers\Work_shop1->show_input()
#6 C:\xampp\htdocs\campmodel\system\CodeIgniter.php(412): CodeIgniter\CodeIgniter->runController(Object(App\Controllers\Work_shop1))
#7 C:\xampp\htdocs\campmodel\system\CodeIgniter.php(320): CodeIgniter\CodeIgniter->handleRequest(NULL, Object(Config\Cache), false)
#8 C:\xampp\htdocs\campmodel\public\index.php(37): CodeIgniter\CodeIgniter->run()
#9 {main}
CRITICAL - 2022-02-16 00:06:53 --> Undefined variable: arr_prefix
#0 C:\xampp\htdocs\campmodel\app\Views\v_show_input.php(17): CodeIgniter\Debug\Exceptions->errorHandler(8, 'Undefined varia...', 'C:\\xampp\\htdocs...', 17, Array)
#1 C:\xampp\htdocs\campmodel\system\View\View.php(210): include('C:\\xampp\\htdocs...')
#2 C:\xampp\htdocs\campmodel\system\View\View.php(213): CodeIgniter\View\View->CodeIgniter\View\{closure}()
#3 C:\xampp\htdocs\campmodel\system\Common.php(1089): CodeIgniter\View\View->render('v_show_input', Array, true)
#4 C:\xampp\htdocs\campmodel\app\Controllers\Work_shop1.php(9): view('v_show_input')
#5 C:\xampp\htdocs\campmodel\system\CodeIgniter.php(825): App\Controllers\Work_shop1->show_input()
#6 C:\xampp\htdocs\campmodel\system\CodeIgniter.php(412): CodeIgniter\CodeIgniter->runController(Object(App\Controllers\Work_shop1))
#7 C:\xampp\htdocs\campmodel\system\CodeIgniter.php(320): CodeIgniter\CodeIgniter->handleRequest(NULL, Object(Config\Cache), false)
#8 C:\xampp\htdocs\campmodel\public\index.php(37): CodeIgniter\CodeIgniter->run()
#9 {main}
CRITICAL - 2022-02-16 00:06:55 --> Undefined variable: arr_prefix
#0 C:\xampp\htdocs\campmodel\app\Views\v_show_input.php(17): CodeIgniter\Debug\Exceptions->errorHandler(8, 'Undefined varia...', 'C:\\xampp\\htdocs...', 17, Array)
#1 C:\xampp\htdocs\campmodel\system\View\View.php(210): include('C:\\xampp\\htdocs...')
#2 C:\xampp\htdocs\campmodel\system\View\View.php(213): CodeIgniter\View\View->CodeIgniter\View\{closure}()
#3 C:\xampp\htdocs\campmodel\system\Common.php(1089): CodeIgniter\View\View->render('v_show_input', Array, true)
#4 C:\xampp\htdocs\campmodel\app\Controllers\Work_shop1.php(9): view('v_show_input')
#5 C:\xampp\htdocs\campmodel\system\CodeIgniter.php(825): App\Controllers\Work_shop1->show_input()
#6 C:\xampp\htdocs\campmodel\system\CodeIgniter.php(412): CodeIgniter\CodeIgniter->runController(Object(App\Controllers\Work_shop1))
#7 C:\xampp\htdocs\campmodel\system\CodeIgniter.php(320): CodeIgniter\CodeIgniter->handleRequest(NULL, Object(Config\Cache), false)
#8 C:\xampp\htdocs\campmodel\public\index.php(37): CodeIgniter\CodeIgniter->run()
#9 {main}
CRITICAL - 2022-02-16 00:06:55 --> Undefined variable: arr_prefix
#0 C:\xampp\htdocs\campmodel\app\Views\v_show_input.php(17): CodeIgniter\Debug\Exceptions->errorHandler(8, 'Undefined varia...', 'C:\\xampp\\htdocs...', 17, Array)
#1 C:\xampp\htdocs\campmodel\system\View\View.php(210): include('C:\\xampp\\htdocs...')
#2 C:\xampp\htdocs\campmodel\system\View\View.php(213): CodeIgniter\View\View->CodeIgniter\View\{closure}()
#3 C:\xampp\htdocs\campmodel\system\Common.php(1089): CodeIgniter\View\View->render('v_show_input', Array, true)
#4 C:\xampp\htdocs\campmodel\app\Controllers\Work_shop1.php(9): view('v_show_input')
#5 C:\xampp\htdocs\campmodel\system\CodeIgniter.php(825): App\Controllers\Work_shop1->show_input()
#6 C:\xampp\htdocs\campmodel\system\CodeIgniter.php(412): CodeIgniter\CodeIgniter->runController(Object(App\Controllers\Work_shop1))
#7 C:\xampp\htdocs\campmodel\system\CodeIgniter.php(320): CodeIgniter\CodeIgniter->handleRequest(NULL, Object(Config\Cache), false)
#8 C:\xampp\htdocs\campmodel\public\index.php(37): CodeIgniter\CodeIgniter->run()
#9 {main}
CRITICAL - 2022-02-16 00:06:56 --> Undefined variable: arr_prefix
#0 C:\xampp\htdocs\campmodel\app\Views\v_show_input.php(17): CodeIgniter\Debug\Exceptions->errorHandler(8, 'Undefined varia...', 'C:\\xampp\\htdocs...', 17, Array)
#1 C:\xampp\htdocs\campmodel\system\View\View.php(210): include('C:\\xampp\\htdocs...')
#2 C:\xampp\htdocs\campmodel\system\View\View.php(213): CodeIgniter\View\View->CodeIgniter\View\{closure}()
#3 C:\xampp\htdocs\campmodel\system\Common.php(1089): CodeIgniter\View\View->render('v_show_input', Array, true)
#4 C:\xampp\htdocs\campmodel\app\Controllers\Work_shop1.php(9): view('v_show_input')
#5 C:\xampp\htdocs\campmodel\system\CodeIgniter.php(825): App\Controllers\Work_shop1->show_input()
#6 C:\xampp\htdocs\campmodel\system\CodeIgniter.php(412): CodeIgniter\CodeIgniter->runController(Object(App\Controllers\Work_shop1))
#7 C:\xampp\htdocs\campmodel\system\CodeIgniter.php(320): CodeIgniter\CodeIgniter->handleRequest(NULL, Object(Config\Cache), false)
#8 C:\xampp\htdocs\campmodel\public\index.php(37): CodeIgniter\CodeIgniter->run()
#9 {main}
CRITICAL - 2022-02-16 00:45:59 --> Object of class stdClass could not be converted to string
#0 C:\xampp\htdocs\campmodel\system\CodeIgniter.php(825): App\Controllers\Work_shop1->insert_student()
#1 C:\xampp\htdocs\campmodel\system\CodeIgniter.php(412): CodeIgniter\CodeIgniter->runController(Object(App\Controllers\Work_shop1))
#2 C:\xampp\htdocs\campmodel\system\CodeIgniter.php(320): CodeIgniter\CodeIgniter->handleRequest(NULL, Object(Config\Cache), false)
#3 C:\xampp\htdocs\campmodel\public\index.php(37): CodeIgniter\CodeIgniter->run()
#4 {main}
CRITICAL - 2022-02-16 00:57:14 --> count(): Parameter must be an array or an object that implements Countable
#0 [internal function]: CodeIgniter\Debug\Exceptions->errorHandler(2, 'count(): Parame...', 'C:\\xampp\\htdocs...', 52, Array)
#1 C:\xampp\htdocs\campmodel\app\Controllers\Work_shop1.php(52): count(NULL)
#2 C:\xampp\htdocs\campmodel\system\CodeIgniter.php(825): App\Controllers\Work_shop1->insert_student()
#3 C:\xampp\htdocs\campmodel\system\CodeIgniter.php(412): CodeIgniter\CodeIgniter->runController(Object(App\Controllers\Work_shop1))
#4 C:\xampp\htdocs\campmodel\system\CodeIgniter.php(320): CodeIgniter\CodeIgniter->handleRequest(NULL, Object(Config\Cache), false)
#5 C:\xampp\htdocs\campmodel\public\index.php(37): CodeIgniter\CodeIgniter->run()
#6 {main}
CRITICAL - 2022-02-16 01:00:44 --> count(): Parameter must be an array or an object that implements Countable
#0 [internal function]: CodeIgniter\Debug\Exceptions->errorHandler(2, 'count(): Parame...', 'C:\\xampp\\htdocs...', 52, Array)
#1 C:\xampp\htdocs\campmodel\app\Controllers\Work_shop1.php(52): count(NULL)
#2 C:\xampp\htdocs\campmodel\system\CodeIgniter.php(825): App\Controllers\Work_shop1->insert_student()
#3 C:\xampp\htdocs\campmodel\system\CodeIgniter.php(412): CodeIgniter\CodeIgniter->runController(Object(App\Controllers\Work_shop1))
#4 C:\xampp\htdocs\campmodel\system\CodeIgniter.php(320): CodeIgniter\CodeIgniter->handleRequest(NULL, Object(Config\Cache), false)
#5 C:\xampp\htdocs\campmodel\public\index.php(37): CodeIgniter\CodeIgniter->run()
#6 {main}
CRITICAL - 2022-02-16 02:54:00 --> unlink(./picture1645001202_f8d26151c75c83747082.jpg): No such file or directory
#0 [internal function]: CodeIgniter\Debug\Exceptions->errorHandler(2, 'unlink(./pictur...', 'C:\\xampp\\htdocs...', 92, Array)
#1 C:\xampp\htdocs\campmodel\app\Controllers\Work_shop1.php(92): unlink('./picture164500...')
#2 C:\xampp\htdocs\campmodel\system\CodeIgniter.php(825): App\Controllers\Work_shop1->delete_student('16')
#3 C:\xampp\htdocs\campmodel\system\CodeIgniter.php(412): CodeIgniter\CodeIgniter->runController(Object(App\Controllers\Work_shop1))
#4 C:\xampp\htdocs\campmodel\system\CodeIgniter.php(320): CodeIgniter\CodeIgniter->handleRequest(NULL, Object(Config\Cache), false)
#5 C:\xampp\htdocs\campmodel\public\index.php(37): CodeIgniter\CodeIgniter->run()
#6 {main}
CRITICAL - 2022-02-16 02:54:40 --> unlink(./picture/1645001202_f8d26151c75c83747082.jpg): No such file or directory
#0 [internal function]: CodeIgniter\Debug\Exceptions->errorHandler(2, 'unlink(./pictur...', 'C:\\xampp\\htdocs...', 92, Array)
#1 C:\xampp\htdocs\campmodel\app\Controllers\Work_shop1.php(92): unlink('./picture/16450...')
#2 C:\xampp\htdocs\campmodel\system\CodeIgniter.php(825): App\Controllers\Work_shop1->delete_student('16')
#3 C:\xampp\htdocs\campmodel\system\CodeIgniter.php(412): CodeIgniter\CodeIgniter->runController(Object(App\Controllers\Work_shop1))
#4 C:\xampp\htdocs\campmodel\system\CodeIgniter.php(320): CodeIgniter\CodeIgniter->handleRequest(NULL, Object(Config\Cache), false)
#5 C:\xampp\htdocs\campmodel\public\index.php(37): CodeIgniter\CodeIgniter->run()
#6 {main}
CRITICAL - 2022-02-16 02:54:47 --> unlink(./picture/1645001202_f8d26151c75c83747082.jpg): No such file or directory
#0 [internal function]: CodeIgniter\Debug\Exceptions->errorHandler(2, 'unlink(./pictur...', 'C:\\xampp\\htdocs...', 92, Array)
#1 C:\xampp\htdocs\campmodel\app\Controllers\Work_shop1.php(92): unlink('./picture/16450...')
#2 C:\xampp\htdocs\campmodel\system\CodeIgniter.php(825): App\Controllers\Work_shop1->delete_student('16')
#3 C:\xampp\htdocs\campmodel\system\CodeIgniter.php(412): CodeIgniter\CodeIgniter->runController(Object(App\Controllers\Work_shop1))
#4 C:\xampp\htdocs\campmodel\system\CodeIgniter.php(320): CodeIgniter\CodeIgniter->handleRequest(NULL, Object(Config\Cache), false)
#5 C:\xampp\htdocs\campmodel\public\index.php(37): CodeIgniter\CodeIgniter->run()
#6 {main}
CRITICAL - 2022-02-16 02:54:49 --> unlink(./picture/1645001340_791e05d066f1f23ddf87.jpg): No such file or directory
#0 [internal function]: CodeIgniter\Debug\Exceptions->errorHandler(2, 'unlink(./pictur...', 'C:\\xampp\\htdocs...', 92, Array)
#1 C:\xampp\htdocs\campmodel\app\Controllers\Work_shop1.php(92): unlink('./picture/16450...')
#2 C:\xampp\htdocs\campmodel\system\CodeIgniter.php(825): App\Controllers\Work_shop1->delete_student('17')
#3 C:\xampp\htdocs\campmodel\system\CodeIgniter.php(412): CodeIgniter\CodeIgniter->runController(Object(App\Controllers\Work_shop1))
#4 C:\xampp\htdocs\campmodel\system\CodeIgniter.php(320): CodeIgniter\CodeIgniter->handleRequest(NULL, Object(Config\Cache), false)
#5 C:\xampp\htdocs\campmodel\public\index.php(37): CodeIgniter\CodeIgniter->run()
#6 {main}
CRITICAL - 2022-02-16 02:55:03 --> count(): Parameter must be an array or an object that implements Countable
#0 [internal function]: CodeIgniter\Debug\Exceptions->errorHandler(2, 'count(): Parame...', 'C:\\xampp\\htdocs...', 72, Array)
#1 C:\xampp\htdocs\campmodel\app\Controllers\Work_shop1.php(72): count(NULL)
#2 C:\xampp\htdocs\campmodel\app\Controllers\Work_shop1.php(162): App\Controllers\Work_shop1->insert_student_skills('17', NULL)
#3 C:\xampp\htdocs\campmodel\system\CodeIgniter.php(825): App\Controllers\Work_shop1->update_student()
#4 C:\xampp\htdocs\campmodel\system\CodeIgniter.php(412): CodeIgniter\CodeIgniter->runController(Object(App\Controllers\Work_shop1))
#5 C:\xampp\htdocs\campmodel\system\CodeIgniter.php(320): CodeIgniter\CodeIgniter->handleRequest(NULL, Object(Config\Cache), false)
#6 C:\xampp\htdocs\campmodel\public\index.php(37): CodeIgniter\CodeIgniter->run()
#7 {main}
CRITICAL - 2022-02-16 02:55:25 --> count(): Parameter must be an array or an object that implements Countable
#0 [internal function]: CodeIgniter\Debug\Exceptions->errorHandler(2, 'count(): Parame...', 'C:\\xampp\\htdocs...', 72, Array)
#1 C:\xampp\htdocs\campmodel\app\Controllers\Work_shop1.php(72): count(NULL)
#2 C:\xampp\htdocs\campmodel\app\Controllers\Work_shop1.php(162): App\Controllers\Work_shop1->insert_student_skills('17', NULL)
#3 C:\xampp\htdocs\campmodel\system\CodeIgniter.php(825): App\Controllers\Work_shop1->update_student()
#4 C:\xampp\htdocs\campmodel\system\CodeIgniter.php(412): CodeIgniter\CodeIgniter->runController(Object(App\Controllers\Work_shop1))
#5 C:\xampp\htdocs\campmodel\system\CodeIgniter.php(320): CodeIgniter\CodeIgniter->handleRequest(NULL, Object(Config\Cache), false)
#6 C:\xampp\htdocs\campmodel\public\index.php(37): CodeIgniter\CodeIgniter->run()
#7 {main}
