ERROR - 2022-02-19 00:34:16 --> You have an error in your SQL syntax; check the manual that corresponds to your MariaDB server version for the right syntax to use near 'student_year = '1',
                    student_cluster_id = 'จังห...' at line 9
CRITICAL - 2022-02-19 00:34:16 --> You have an error in your SQL syntax; check the manual that corresponds to your MariaDB server version for the right syntax to use near 'student_year = '1',
                    student_cluster_id = 'จังห...' at line 9
#0 C:\xampp\htdocs\campmodel\system\Database\MySQLi\Connection.php(292): mysqli->query('UPDATE student\r...', 0)
#1 C:\xampp\htdocs\campmodel\system\Database\BaseConnection.php(670): CodeIgniter\Database\MySQLi\Connection->execute('UPDATE student\r...')
#2 C:\xampp\htdocs\campmodel\system\Database\BaseConnection.php(598): CodeIgniter\Database\BaseConnection->simpleQuery('UPDATE student\r...')
#3 C:\xampp\htdocs\campmodel\app\Models\M_student.php(62): CodeIgniter\Database\BaseConnection->query('UPDATE student\r...')
#4 C:\xampp\htdocs\campmodel\app\Controllers\Work_shop1.php(159): App\Models\M_student->update_student('20', '63160248', '1', '\xE0\xB8\x9B\xE0\xB8\x8F\xE0\xB8\xB4\xE0\xB8\xA0\xE0\xB8\xB2...', '\xE0\xB8\x9B\xE0\xB8\xB1\xE0\xB9\x89\xE0\xB8\x99\xE0\xB8\xAA...', '2022-02-18', '63160248@go.buu...', '2', '1', '\xE0\xB8\x88\xE0\xB8\xB1\xE0\xB8\x87\xE0\xB8\xAB\xE0\xB8\xA7...', NULL, NULL)
#5 C:\xampp\htdocs\campmodel\system\CodeIgniter.php(825): App\Controllers\Work_shop1->update_student()
#6 C:\xampp\htdocs\campmodel\system\CodeIgniter.php(412): CodeIgniter\CodeIgniter->runController(Object(App\Controllers\Work_shop1))
#7 C:\xampp\htdocs\campmodel\system\CodeIgniter.php(320): CodeIgniter\CodeIgniter->handleRequest(NULL, Object(Config\Cache), false)
#8 C:\xampp\htdocs\campmodel\public\index.php(37): CodeIgniter\CodeIgniter->run()
#9 {main}
ERROR - 2022-02-19 00:36:22 --> You have an error in your SQL syntax; check the manual that corresponds to your MariaDB server version for the right syntax to use near 'student_year = '2',
                    student_cluster_id = '1' WHERE stude...' at line 9
CRITICAL - 2022-02-19 00:36:22 --> You have an error in your SQL syntax; check the manual that corresponds to your MariaDB server version for the right syntax to use near 'student_year = '2',
                    student_cluster_id = '1' WHERE stude...' at line 9
#0 C:\xampp\htdocs\campmodel\system\Database\MySQLi\Connection.php(292): mysqli->query('UPDATE student\r...', 0)
#1 C:\xampp\htdocs\campmodel\system\Database\BaseConnection.php(670): CodeIgniter\Database\MySQLi\Connection->execute('UPDATE student\r...')
#2 C:\xampp\htdocs\campmodel\system\Database\BaseConnection.php(598): CodeIgniter\Database\BaseConnection->simpleQuery('UPDATE student\r...')
#3 C:\xampp\htdocs\campmodel\app\Models\M_student.php(62): CodeIgniter\Database\BaseConnection->query('UPDATE student\r...')
#4 C:\xampp\htdocs\campmodel\app\Controllers\Work_shop1.php(159): App\Models\M_student->update_student('20', '63160248', '1', '\xE0\xB8\x9B\xE0\xB8\x8F\xE0\xB8\xB4\xE0\xB8\xA0\xE0\xB8\xB2...', '\xE0\xB8\x9B\xE0\xB8\xB1\xE0\xB9\x89\xE0\xB8\x99\xE0\xB8\xAA...', '2022-02-18', '63160248@go.buu...', '\xE0\xB8\x88\xE0\xB8\xB1\xE0\xB8\x87\xE0\xB8\xAB\xE0\xB8\xA7...', '2', '1', NULL, NULL)
#5 C:\xampp\htdocs\campmodel\system\CodeIgniter.php(825): App\Controllers\Work_shop1->update_student()
#6 C:\xampp\htdocs\campmodel\system\CodeIgniter.php(412): CodeIgniter\CodeIgniter->runController(Object(App\Controllers\Work_shop1))
#7 C:\xampp\htdocs\campmodel\system\CodeIgniter.php(320): CodeIgniter\CodeIgniter->handleRequest(NULL, Object(Config\Cache), false)
#8 C:\xampp\htdocs\campmodel\public\index.php(37): CodeIgniter\CodeIgniter->run()
#9 {main}
ERROR - 2022-02-19 00:36:30 --> You have an error in your SQL syntax; check the manual that corresponds to your MariaDB server version for the right syntax to use near 'student_year = '2',
                    student_cluster_id = '1' WHERE stude...' at line 9
CRITICAL - 2022-02-19 00:36:30 --> You have an error in your SQL syntax; check the manual that corresponds to your MariaDB server version for the right syntax to use near 'student_year = '2',
                    student_cluster_id = '1' WHERE stude...' at line 9
#0 C:\xampp\htdocs\campmodel\system\Database\MySQLi\Connection.php(292): mysqli->query('UPDATE student\r...', 0)
#1 C:\xampp\htdocs\campmodel\system\Database\BaseConnection.php(670): CodeIgniter\Database\MySQLi\Connection->execute('UPDATE student\r...')
#2 C:\xampp\htdocs\campmodel\system\Database\BaseConnection.php(598): CodeIgniter\Database\BaseConnection->simpleQuery('UPDATE student\r...')
#3 C:\xampp\htdocs\campmodel\app\Models\M_student.php(62): CodeIgniter\Database\BaseConnection->query('UPDATE student\r...')
#4 C:\xampp\htdocs\campmodel\app\Controllers\Work_shop1.php(159): App\Models\M_student->update_student('20', '63160248', '1', '\xE0\xB8\x9B\xE0\xB8\x8F\xE0\xB8\xB4\xE0\xB8\xA0\xE0\xB8\xB2...', '\xE0\xB8\x9B\xE0\xB8\xB1\xE0\xB9\x89\xE0\xB8\x99\xE0\xB8\xAA...', '2022-02-18', '63160248@go.buu...', '\xE0\xB8\x8A\xE0\xB8\xA5\xE0\xB8\x9A\xE0\xB8\xB8\xE0\xB8\xA3...', '2', '1', NULL, NULL)
#5 C:\xampp\htdocs\campmodel\system\CodeIgniter.php(825): App\Controllers\Work_shop1->update_student()
#6 C:\xampp\htdocs\campmodel\system\CodeIgniter.php(412): CodeIgniter\CodeIgniter->runController(Object(App\Controllers\Work_shop1))
#7 C:\xampp\htdocs\campmodel\system\CodeIgniter.php(320): CodeIgniter\CodeIgniter->handleRequest(NULL, Object(Config\Cache), false)
#8 C:\xampp\htdocs\campmodel\public\index.php(37): CodeIgniter\CodeIgniter->run()
#9 {main}
