CRITICAL - 2022-02-18 04:26:21 --> Too few arguments to function App\Controllers\Work_shop1::edit_student(), 0 passed in C:\xampp\htdocs\campmodel\system\CodeIgniter.php on line 825 and exactly 1 expected
#0 C:\xampp\htdocs\campmodel\system\CodeIgniter.php(825): App\Controllers\Work_shop1->edit_student()
#1 C:\xampp\htdocs\campmodel\system\CodeIgniter.php(412): CodeIgniter\CodeIgniter->runController(Object(App\Controllers\Work_shop1))
#2 C:\xampp\htdocs\campmodel\system\CodeIgniter.php(320): CodeIgniter\CodeIgniter->handleRequest(NULL, Object(Config\Cache), false)
#3 C:\xampp\htdocs\campmodel\public\index.php(37): CodeIgniter\CodeIgniter->run()
#4 {main}
CRITICAL - 2022-02-18 04:30:31 --> Too few arguments to function App\Controllers\Work_shop1::detail_student(), 0 passed in C:\xampp\htdocs\campmodel\system\CodeIgniter.php on line 825 and exactly 1 expected
#0 C:\xampp\htdocs\campmodel\system\CodeIgniter.php(825): App\Controllers\Work_shop1->detail_student()
#1 C:\xampp\htdocs\campmodel\system\CodeIgniter.php(412): CodeIgniter\CodeIgniter->runController(Object(App\Controllers\Work_shop1))
#2 C:\xampp\htdocs\campmodel\system\CodeIgniter.php(320): CodeIgniter\CodeIgniter->handleRequest(NULL, Object(Config\Cache), false)
#3 C:\xampp\htdocs\campmodel\public\index.php(37): CodeIgniter\CodeIgniter->run()
#4 {main}
CRITICAL - 2022-02-18 06:27:37 --> Attempt to read property "student_number" on null
#0 C:\xampp\htdocs\campmodel\app\Views\v_show_value.php(10): CodeIgniter\Debug\Exceptions->errorHandler(2, 'Attempt to read...', 'C:\\xampp\\htdocs...', 10)
#1 C:\xampp\htdocs\campmodel\system\View\View.php(210): include('C:\\xampp\\htdocs...')
#2 C:\xampp\htdocs\campmodel\system\View\View.php(213): CodeIgniter\View\View->CodeIgniter\View\{closure}()
#3 C:\xampp\htdocs\campmodel\system\Common.php(1089): CodeIgniter\View\View->render('v_show_value', Array, true)
#4 C:\xampp\htdocs\campmodel\app\Controllers\Work_shop1.php(183): view('v_show_value', Array)
#5 C:\xampp\htdocs\campmodel\system\CodeIgniter.php(825): App\Controllers\Work_shop1->detail_student('1')
#6 C:\xampp\htdocs\campmodel\system\CodeIgniter.php(412): CodeIgniter\CodeIgniter->runController(Object(App\Controllers\Work_shop1))
#7 C:\xampp\htdocs\campmodel\system\CodeIgniter.php(320): CodeIgniter\CodeIgniter->handleRequest(NULL, Object(Config\Cache), false)
#8 C:\xampp\htdocs\campmodel\public\index.php(37): CodeIgniter\CodeIgniter->run()
#9 {main}
CRITICAL - 2022-02-18 23:23:11 --> Undefined property: stdClass::$student_address
#0 C:\xampp\htdocs\campmodel\app\Views\v_show_value.php(14): CodeIgniter\Debug\Exceptions->errorHandler(2, 'Undefined prope...', 'C:\\xampp\\htdocs...', 14)
#1 C:\xampp\htdocs\campmodel\system\View\View.php(210): include('C:\\xampp\\htdocs...')
#2 C:\xampp\htdocs\campmodel\system\View\View.php(213): CodeIgniter\View\View->CodeIgniter\View\{closure}()
#3 C:\xampp\htdocs\campmodel\system\Common.php(1089): CodeIgniter\View\View->render('v_show_value', Array, true)
#4 C:\xampp\htdocs\campmodel\app\Controllers\Work_shop1.php(185): view('v_show_value', Array)
#5 C:\xampp\htdocs\campmodel\system\CodeIgniter.php(825): App\Controllers\Work_shop1->detail_student('19')
#6 C:\xampp\htdocs\campmodel\system\CodeIgniter.php(412): CodeIgniter\CodeIgniter->runController(Object(App\Controllers\Work_shop1))
#7 C:\xampp\htdocs\campmodel\system\CodeIgniter.php(320): CodeIgniter\CodeIgniter->handleRequest(NULL, Object(Config\Cache), false)
#8 C:\xampp\htdocs\campmodel\public\index.php(37): CodeIgniter\CodeIgniter->run()
#9 {main}
