CRITICAL - 2022-02-11 05:06:43 --> Undefined variable: image_name
#0 C:\xampp\htdocs\campmodel\app\Controllers\Work_shop1.php(29): CodeIgniter\Debug\Exceptions->errorHandler(8, 'Undefined varia...', 'C:\\xampp\\htdocs...', 29, Array)
#1 C:\xampp\htdocs\campmodel\system\CodeIgniter.php(825): App\Controllers\Work_shop1->show_value()
#2 C:\xampp\htdocs\campmodel\system\CodeIgniter.php(412): CodeIgniter\CodeIgniter->runController(Object(App\Controllers\Work_shop1))
#3 C:\xampp\htdocs\campmodel\system\CodeIgniter.php(320): CodeIgniter\CodeIgniter->handleRequest(NULL, Object(Config\Cache), false)
#4 C:\xampp\htdocs\campmodel\public\index.php(37): CodeIgniter\CodeIgniter->run()
#5 {main}
ERROR - 2022-02-11 05:51:17 --> Error connecting to the database: Access denied for user ''@'localhost' (using password: NO)
CRITICAL - 2022-02-11 05:51:17 --> Unable to connect to the database.
Main connection [MySQLi]: Access denied for user ''@'localhost' (using password: NO)
#0 C:\xampp\htdocs\campmodel\system\Database\BaseConnection.php(577): CodeIgniter\Database\BaseConnection->initialize()
#1 C:\xampp\htdocs\campmodel\app\Models\M_student.php(11): CodeIgniter\Database\BaseConnection->query('SELECT * FROM s...')
#2 C:\xampp\htdocs\campmodel\app\Controllers\Work_shop1.php(40): App\Models\M_student->get_all()
#3 C:\xampp\htdocs\campmodel\system\CodeIgniter.php(825): App\Controllers\Work_shop1->show_all()
#4 C:\xampp\htdocs\campmodel\system\CodeIgniter.php(412): CodeIgniter\CodeIgniter->runController(Object(App\Controllers\Work_shop1))
#5 C:\xampp\htdocs\campmodel\system\CodeIgniter.php(320): CodeIgniter\CodeIgniter->handleRequest(NULL, Object(Config\Cache), false)
#6 C:\xampp\htdocs\campmodel\public\index.php(37): CodeIgniter\CodeIgniter->run()
#7 {main}
ERROR - 2022-02-11 05:51:40 --> Error connecting to the database: Access denied for user '****'@'localhost' (using password: YES)
CRITICAL - 2022-02-11 05:51:40 --> Unable to connect to the database.
Main connection [MySQLi]: Access denied for user '****'@'localhost' (using password: YES)
#0 C:\xampp\htdocs\campmodel\system\Database\BaseConnection.php(577): CodeIgniter\Database\BaseConnection->initialize()
#1 C:\xampp\htdocs\campmodel\app\Models\M_student.php(11): CodeIgniter\Database\BaseConnection->query('SELECT * FROM s...')
#2 C:\xampp\htdocs\campmodel\app\Controllers\Work_shop1.php(40): App\Models\M_student->get_all()
#3 C:\xampp\htdocs\campmodel\system\CodeIgniter.php(825): App\Controllers\Work_shop1->show_all()
#4 C:\xampp\htdocs\campmodel\system\CodeIgniter.php(412): CodeIgniter\CodeIgniter->runController(Object(App\Controllers\Work_shop1))
#5 C:\xampp\htdocs\campmodel\system\CodeIgniter.php(320): CodeIgniter\CodeIgniter->handleRequest(NULL, Object(Config\Cache), false)
#6 C:\xampp\htdocs\campmodel\public\index.php(37): CodeIgniter\CodeIgniter->run()
#7 {main}
ERROR - 2022-02-11 05:51:42 --> Error connecting to the database: Access denied for user '****'@'localhost' (using password: YES)
CRITICAL - 2022-02-11 05:51:42 --> Unable to connect to the database.
Main connection [MySQLi]: Access denied for user '****'@'localhost' (using password: YES)
#0 C:\xampp\htdocs\campmodel\system\Database\BaseConnection.php(577): CodeIgniter\Database\BaseConnection->initialize()
#1 C:\xampp\htdocs\campmodel\app\Models\M_student.php(11): CodeIgniter\Database\BaseConnection->query('SELECT * FROM s...')
#2 C:\xampp\htdocs\campmodel\app\Controllers\Work_shop1.php(40): App\Models\M_student->get_all()
#3 C:\xampp\htdocs\campmodel\system\CodeIgniter.php(825): App\Controllers\Work_shop1->show_all()
#4 C:\xampp\htdocs\campmodel\system\CodeIgniter.php(412): CodeIgniter\CodeIgniter->runController(Object(App\Controllers\Work_shop1))
#5 C:\xampp\htdocs\campmodel\system\CodeIgniter.php(320): CodeIgniter\CodeIgniter->handleRequest(NULL, Object(Config\Cache), false)
#6 C:\xampp\htdocs\campmodel\public\index.php(37): CodeIgniter\CodeIgniter->run()
#7 {main}
ERROR - 2022-02-11 05:51:42 --> Error connecting to the database: Access denied for user '****'@'localhost' (using password: YES)
CRITICAL - 2022-02-11 05:51:42 --> Unable to connect to the database.
Main connection [MySQLi]: Access denied for user '****'@'localhost' (using password: YES)
#0 C:\xampp\htdocs\campmodel\system\Database\BaseConnection.php(577): CodeIgniter\Database\BaseConnection->initialize()
#1 C:\xampp\htdocs\campmodel\app\Models\M_student.php(11): CodeIgniter\Database\BaseConnection->query('SELECT * FROM s...')
#2 C:\xampp\htdocs\campmodel\app\Controllers\Work_shop1.php(40): App\Models\M_student->get_all()
#3 C:\xampp\htdocs\campmodel\system\CodeIgniter.php(825): App\Controllers\Work_shop1->show_all()
#4 C:\xampp\htdocs\campmodel\system\CodeIgniter.php(412): CodeIgniter\CodeIgniter->runController(Object(App\Controllers\Work_shop1))
#5 C:\xampp\htdocs\campmodel\system\CodeIgniter.php(320): CodeIgniter\CodeIgniter->handleRequest(NULL, Object(Config\Cache), false)
#6 C:\xampp\htdocs\campmodel\public\index.php(37): CodeIgniter\CodeIgniter->run()
#7 {main}
