CRITICAL - 2022-03-02 00:45:56 --> Object of class stdClass could not be converted to string
#0 C:\xampp\htdocs\warehouse\system\View\View.php(210): include()
#1 C:\xampp\htdocs\warehouse\system\View\View.php(213): CodeIgniter\View\View->CodeIgniter\View\{closure}()
#2 C:\xampp\htdocs\warehouse\system\Common.php(1089): CodeIgniter\View\View->render('v_show_lot', Array, true)
#3 C:\xampp\htdocs\warehouse\app\Controllers\Warehouse.php(169): view('v_show_lot', Array)
#4 C:\xampp\htdocs\warehouse\system\CodeIgniter.php(825): App\Controllers\Warehouse->show_lot()
#5 C:\xampp\htdocs\warehouse\system\CodeIgniter.php(412): CodeIgniter\CodeIgniter->runController(Object(App\Controllers\Warehouse))
#6 C:\xampp\htdocs\warehouse\system\CodeIgniter.php(320): CodeIgniter\CodeIgniter->handleRequest(NULL, Object(Config\Cache), false)
#7 C:\xampp\htdocs\warehouse\public\index.php(37): CodeIgniter\CodeIgniter->run()
#8 {main}
CRITICAL - 2022-03-02 01:02:26 --> Undefined array key "<p id='show_id'></p>"
#0 C:\xampp\htdocs\warehouse\app\Views\v_show_lot.php(114): CodeIgniter\Debug\Exceptions->errorHandler(2, 'Undefined array...', 'C:\\xampp\\htdocs...', 114)
#1 C:\xampp\htdocs\warehouse\system\View\View.php(210): include('C:\\xampp\\htdocs...')
#2 C:\xampp\htdocs\warehouse\system\View\View.php(213): CodeIgniter\View\View->CodeIgniter\View\{closure}()
#3 C:\xampp\htdocs\warehouse\system\Common.php(1089): CodeIgniter\View\View->render('v_show_lot', Array, true)
#4 C:\xampp\htdocs\warehouse\app\Controllers\Warehouse.php(169): view('v_show_lot', Array)
#5 C:\xampp\htdocs\warehouse\system\CodeIgniter.php(825): App\Controllers\Warehouse->show_lot()
#6 C:\xampp\htdocs\warehouse\system\CodeIgniter.php(412): CodeIgniter\CodeIgniter->runController(Object(App\Controllers\Warehouse))
#7 C:\xampp\htdocs\warehouse\system\CodeIgniter.php(320): CodeIgniter\CodeIgniter->handleRequest(NULL, Object(Config\Cache), false)
#8 C:\xampp\htdocs\warehouse\public\index.php(37): CodeIgniter\CodeIgniter->run()
#9 {main}
CRITICAL - 2022-03-02 01:05:44 --> Undefined property: stdClass::$lot_name
#0 C:\xampp\htdocs\warehouse\app\Views\v_show_lot.php(116): CodeIgniter\Debug\Exceptions->errorHandler(2, 'Undefined prope...', 'C:\\xampp\\htdocs...', 116)
#1 C:\xampp\htdocs\warehouse\system\View\View.php(210): include('C:\\xampp\\htdocs...')
#2 C:\xampp\htdocs\warehouse\system\View\View.php(213): CodeIgniter\View\View->CodeIgniter\View\{closure}()
#3 C:\xampp\htdocs\warehouse\system\Common.php(1089): CodeIgniter\View\View->render('v_show_lot', Array, true)
#4 C:\xampp\htdocs\warehouse\app\Controllers\Warehouse.php(169): view('v_show_lot', Array)
#5 C:\xampp\htdocs\warehouse\system\CodeIgniter.php(825): App\Controllers\Warehouse->show_lot()
#6 C:\xampp\htdocs\warehouse\system\CodeIgniter.php(412): CodeIgniter\CodeIgniter->runController(Object(App\Controllers\Warehouse))
#7 C:\xampp\htdocs\warehouse\system\CodeIgniter.php(320): CodeIgniter\CodeIgniter->handleRequest(NULL, Object(Config\Cache), false)
#8 C:\xampp\htdocs\warehouse\public\index.php(37): CodeIgniter\CodeIgniter->run()
#9 {main}
ERROR - 2022-03-02 14:07:28 --> You have an error in your SQL syntax; check the manual that corresponds to your MariaDB server version for the right syntax to use near ' , '2022-03-02 14:07:28')' at line 1
CRITICAL - 2022-03-02 14:07:28 --> You have an error in your SQL syntax; check the manual that corresponds to your MariaDB server version for the right syntax to use near ' , '2022-03-02 14:07:28')' at line 1
#0 C:\xampp\htdocs\warehouse\system\Database\MySQLi\Connection.php(292): mysqli->query('INSERT INTO his...', 0)
#1 C:\xampp\htdocs\warehouse\system\Database\BaseConnection.php(670): CodeIgniter\Database\MySQLi\Connection->execute('INSERT INTO his...')
#2 C:\xampp\htdocs\warehouse\system\Database\BaseConnection.php(598): CodeIgniter\Database\BaseConnection->simpleQuery('INSERT INTO his...')
#3 C:\xampp\htdocs\warehouse\app\Models\M_history.php(31): CodeIgniter\Database\BaseConnection->query('INSERT INTO his...')
#4 C:\xampp\htdocs\warehouse\app\Controllers\Warehouse.php(213): App\Models\M_history->insert_ex_history(NULL, NULL, NULL)
#5 C:\xampp\htdocs\warehouse\system\CodeIgniter.php(825): App\Controllers\Warehouse->export_lot()
#6 C:\xampp\htdocs\warehouse\system\CodeIgniter.php(412): CodeIgniter\CodeIgniter->runController(Object(App\Controllers\Warehouse))
#7 C:\xampp\htdocs\warehouse\system\CodeIgniter.php(320): CodeIgniter\CodeIgniter->handleRequest(NULL, Object(Config\Cache), false)
#8 C:\xampp\htdocs\warehouse\public\index.php(37): CodeIgniter\CodeIgniter->run()
#9 {main}
CRITICAL - 2022-03-02 06:22:27 --> Undefined array key -1
#0 C:\xampp\htdocs\warehouse\app\Views\v_show_lot.php(70): CodeIgniter\Debug\Exceptions->errorHandler(2, 'Undefined array...', 'C:\\xampp\\htdocs...', 70)
#1 C:\xampp\htdocs\warehouse\system\View\View.php(210): include('C:\\xampp\\htdocs...')
#2 C:\xampp\htdocs\warehouse\system\View\View.php(213): CodeIgniter\View\View->CodeIgniter\View\{closure}()
#3 C:\xampp\htdocs\warehouse\system\Common.php(1089): CodeIgniter\View\View->render('v_show_lot', Array, true)
#4 C:\xampp\htdocs\warehouse\app\Controllers\Warehouse.php(169): view('v_show_lot', Array)
#5 C:\xampp\htdocs\warehouse\system\CodeIgniter.php(825): App\Controllers\Warehouse->show_lot()
#6 C:\xampp\htdocs\warehouse\system\CodeIgniter.php(412): CodeIgniter\CodeIgniter->runController(Object(App\Controllers\Warehouse))
#7 C:\xampp\htdocs\warehouse\system\CodeIgniter.php(320): CodeIgniter\CodeIgniter->handleRequest(NULL, Object(Config\Cache), false)
#8 C:\xampp\htdocs\warehouse\public\index.php(37): CodeIgniter\CodeIgniter->run()
#9 {main}
CRITICAL - 2022-03-02 06:22:43 --> Undefined variable $i
#0 C:\xampp\htdocs\warehouse\app\Views\v_show_lot.php(32): CodeIgniter\Debug\Exceptions->errorHandler(2, 'Undefined varia...', 'C:\\xampp\\htdocs...', 32)
#1 C:\xampp\htdocs\warehouse\system\View\View.php(210): include('C:\\xampp\\htdocs...')
#2 C:\xampp\htdocs\warehouse\system\View\View.php(213): CodeIgniter\View\View->CodeIgniter\View\{closure}()
#3 C:\xampp\htdocs\warehouse\system\Common.php(1089): CodeIgniter\View\View->render('v_show_lot', Array, true)
#4 C:\xampp\htdocs\warehouse\app\Controllers\Warehouse.php(169): view('v_show_lot', Array)
#5 C:\xampp\htdocs\warehouse\system\CodeIgniter.php(825): App\Controllers\Warehouse->show_lot()
#6 C:\xampp\htdocs\warehouse\system\CodeIgniter.php(412): CodeIgniter\CodeIgniter->runController(Object(App\Controllers\Warehouse))
#7 C:\xampp\htdocs\warehouse\system\CodeIgniter.php(320): CodeIgniter\CodeIgniter->handleRequest(NULL, Object(Config\Cache), false)
#8 C:\xampp\htdocs\warehouse\public\index.php(37): CodeIgniter\CodeIgniter->run()
#9 {main}
