ERROR - 2022-02-26 00:38:58 --> Table 'camp.medicine_type' doesn't exist
CRITICAL - 2022-02-26 00:38:58 --> Table 'camp.medicine_type' doesn't exist
#0 C:\xampp\htdocs\warehouse\system\Database\MySQLi\Connection.php(292): mysqli->query('SELECT * FROM m...', 0)
#1 C:\xampp\htdocs\warehouse\system\Database\BaseConnection.php(670): CodeIgniter\Database\MySQLi\Connection->execute('SELECT * FROM m...')
#2 C:\xampp\htdocs\warehouse\system\Database\BaseConnection.php(598): CodeIgniter\Database\BaseConnection->simpleQuery('SELECT * FROM m...')
#3 C:\xampp\htdocs\warehouse\app\Models\M_medicine_type.php(12): CodeIgniter\Database\BaseConnection->query('SELECT * FROM m...')
#4 C:\xampp\htdocs\warehouse\app\Controllers\Warehouse.php(17): App\Models\M_medicine_type->get_all_type()
#5 C:\xampp\htdocs\warehouse\system\CodeIgniter.php(825): App\Controllers\Warehouse->input_medicine()
#6 C:\xampp\htdocs\warehouse\system\CodeIgniter.php(412): CodeIgniter\CodeIgniter->runController(Object(App\Controllers\Warehouse))
#7 C:\xampp\htdocs\warehouse\system\CodeIgniter.php(320): CodeIgniter\CodeIgniter->handleRequest(NULL, Object(Config\Cache), false)
#8 C:\xampp\htdocs\warehouse\public\index.php(37): CodeIgniter\CodeIgniter->run()
#9 {main}
CRITICAL - 2022-02-26 01:30:20 --> Class "App\Controllers\M_history" not found
#0 C:\xampp\htdocs\warehouse\system\CodeIgniter.php(825): App\Controllers\Warehouse->show_history()
#1 C:\xampp\htdocs\warehouse\system\CodeIgniter.php(412): CodeIgniter\CodeIgniter->runController(Object(App\Controllers\Warehouse))
#2 C:\xampp\htdocs\warehouse\system\CodeIgniter.php(320): CodeIgniter\CodeIgniter->handleRequest(NULL, Object(Config\Cache), false)
#3 C:\xampp\htdocs\warehouse\public\index.php(37): CodeIgniter\CodeIgniter->run()
#4 {main}
CRITICAL - 2022-02-26 01:31:24 --> Class "App\Controllers\M_history" not found
#0 C:\xampp\htdocs\warehouse\system\CodeIgniter.php(825): App\Controllers\Warehouse->show_history()
#1 C:\xampp\htdocs\warehouse\system\CodeIgniter.php(412): CodeIgniter\CodeIgniter->runController(Object(App\Controllers\Warehouse))
#2 C:\xampp\htdocs\warehouse\system\CodeIgniter.php(320): CodeIgniter\CodeIgniter->handleRequest(NULL, Object(Config\Cache), false)
#3 C:\xampp\htdocs\warehouse\public\index.php(37): CodeIgniter\CodeIgniter->run()
#4 {main}
ERROR - 2022-02-26 01:31:49 --> You have an error in your SQL syntax; check the manual that corresponds to your MariaDB server version for the right syntax to use near ''medicine_lot' ON lot_id = lot_id
                    LEFT JOIN 'employee' O...' at line 2
CRITICAL - 2022-02-26 01:31:49 --> You have an error in your SQL syntax; check the manual that corresponds to your MariaDB server version for the right syntax to use near ''medicine_lot' ON lot_id = lot_id
                    LEFT JOIN 'employee' O...' at line 2
#0 C:\xampp\htdocs\warehouse\system\Database\MySQLi\Connection.php(292): mysqli->query('SELECT * FROM h...', 0)
#1 C:\xampp\htdocs\warehouse\system\Database\BaseConnection.php(670): CodeIgniter\Database\MySQLi\Connection->execute('SELECT * FROM h...')
#2 C:\xampp\htdocs\warehouse\system\Database\BaseConnection.php(598): CodeIgniter\Database\BaseConnection->simpleQuery('SELECT * FROM h...')
#3 C:\xampp\htdocs\warehouse\app\Models\M_history.php(15): CodeIgniter\Database\BaseConnection->query('SELECT * FROM h...')
#4 C:\xampp\htdocs\warehouse\app\Controllers\Warehouse.php(26): App\Models\M_history->get_all_history()
#5 C:\xampp\htdocs\warehouse\system\CodeIgniter.php(825): App\Controllers\Warehouse->show_history()
#6 C:\xampp\htdocs\warehouse\system\CodeIgniter.php(412): CodeIgniter\CodeIgniter->runController(Object(App\Controllers\Warehouse))
#7 C:\xampp\htdocs\warehouse\system\CodeIgniter.php(320): CodeIgniter\CodeIgniter->handleRequest(NULL, Object(Config\Cache), false)
#8 C:\xampp\htdocs\warehouse\public\index.php(37): CodeIgniter\CodeIgniter->run()
#9 {main}
CRITICAL - 2022-02-26 01:32:17 --> count(): Argument #1 ($value) must be of type Countable|array, null given
#0 C:\xampp\htdocs\warehouse\system\View\View.php(210): include()
#1 C:\xampp\htdocs\warehouse\system\View\View.php(213): CodeIgniter\View\View->CodeIgniter\View\{closure}()
#2 C:\xampp\htdocs\warehouse\system\Common.php(1089): CodeIgniter\View\View->render('v_show_history', Array, true)
#3 C:\xampp\htdocs\warehouse\app\Controllers\Warehouse.php(28): view('v_show_history', Array)
#4 C:\xampp\htdocs\warehouse\system\CodeIgniter.php(825): App\Controllers\Warehouse->show_history()
#5 C:\xampp\htdocs\warehouse\system\CodeIgniter.php(412): CodeIgniter\CodeIgniter->runController(Object(App\Controllers\Warehouse))
#6 C:\xampp\htdocs\warehouse\system\CodeIgniter.php(320): CodeIgniter\CodeIgniter->handleRequest(NULL, Object(Config\Cache), false)
#7 C:\xampp\htdocs\warehouse\public\index.php(37): CodeIgniter\CodeIgniter->run()
#8 {main}
CRITICAL - 2022-02-26 01:56:34 --> Call to undefined method App\Models\M_employee::get_all_history
#0 C:\xampp\htdocs\warehouse\app\Controllers\Warehouse.php(30): CodeIgniter\Model->__call('get_all_history', Array)
#1 C:\xampp\htdocs\warehouse\system\CodeIgniter.php(825): App\Controllers\Warehouse->show_history()
#2 C:\xampp\htdocs\warehouse\system\CodeIgniter.php(412): CodeIgniter\CodeIgniter->runController(Object(App\Controllers\Warehouse))
#3 C:\xampp\htdocs\warehouse\system\CodeIgniter.php(320): CodeIgniter\CodeIgniter->handleRequest(NULL, Object(Config\Cache), false)
#4 C:\xampp\htdocs\warehouse\public\index.php(37): CodeIgniter\CodeIgniter->run()
#5 {main}
CRITICAL - 2022-02-26 01:57:39 --> Call to undefined method App\Models\M_employee::get_all_history
#0 C:\xampp\htdocs\warehouse\app\Controllers\Warehouse.php(30): CodeIgniter\Model->__call('get_all_history', Array)
#1 C:\xampp\htdocs\warehouse\system\CodeIgniter.php(825): App\Controllers\Warehouse->show_history()
#2 C:\xampp\htdocs\warehouse\system\CodeIgniter.php(412): CodeIgniter\CodeIgniter->runController(Object(App\Controllers\Warehouse))
#3 C:\xampp\htdocs\warehouse\system\CodeIgniter.php(320): CodeIgniter\CodeIgniter->handleRequest(NULL, Object(Config\Cache), false)
#4 C:\xampp\htdocs\warehouse\public\index.php(37): CodeIgniter\CodeIgniter->run()
#5 {main}
CRITICAL - 2022-02-26 01:57:40 --> Call to undefined method App\Models\M_employee::get_all_history
#0 C:\xampp\htdocs\warehouse\app\Controllers\Warehouse.php(30): CodeIgniter\Model->__call('get_all_history', Array)
#1 C:\xampp\htdocs\warehouse\system\CodeIgniter.php(825): App\Controllers\Warehouse->show_history()
#2 C:\xampp\htdocs\warehouse\system\CodeIgniter.php(412): CodeIgniter\CodeIgniter->runController(Object(App\Controllers\Warehouse))
#3 C:\xampp\htdocs\warehouse\system\CodeIgniter.php(320): CodeIgniter\CodeIgniter->handleRequest(NULL, Object(Config\Cache), false)
#4 C:\xampp\htdocs\warehouse\public\index.php(37): CodeIgniter\CodeIgniter->run()
#5 {main}
CRITICAL - 2022-02-26 02:03:11 --> Undefined property: stdClass::$name
#0 C:\xampp\htdocs\warehouse\app\Views\v_show_history.php(38): CodeIgniter\Debug\Exceptions->errorHandler(2, 'Undefined prope...', 'C:\\xampp\\htdocs...', 38)
#1 C:\xampp\htdocs\warehouse\system\View\View.php(210): include('C:\\xampp\\htdocs...')
#2 C:\xampp\htdocs\warehouse\system\View\View.php(213): CodeIgniter\View\View->CodeIgniter\View\{closure}()
#3 C:\xampp\htdocs\warehouse\system\Common.php(1089): CodeIgniter\View\View->render('v_show_history', Array, true)
#4 C:\xampp\htdocs\warehouse\app\Controllers\Warehouse.php(29): view('v_show_history', Array)
#5 C:\xampp\htdocs\warehouse\system\CodeIgniter.php(825): App\Controllers\Warehouse->show_history()
#6 C:\xampp\htdocs\warehouse\system\CodeIgniter.php(412): CodeIgniter\CodeIgniter->runController(Object(App\Controllers\Warehouse))
#7 C:\xampp\htdocs\warehouse\system\CodeIgniter.php(320): CodeIgniter\CodeIgniter->handleRequest(NULL, Object(Config\Cache), false)
#8 C:\xampp\htdocs\warehouse\public\index.php(37): CodeIgniter\CodeIgniter->run()
#9 {main}
CRITICAL - 2022-02-26 02:03:15 --> Undefined property: stdClass::$name
#0 C:\xampp\htdocs\warehouse\app\Views\v_show_history.php(38): CodeIgniter\Debug\Exceptions->errorHandler(2, 'Undefined prope...', 'C:\\xampp\\htdocs...', 38)
#1 C:\xampp\htdocs\warehouse\system\View\View.php(210): include('C:\\xampp\\htdocs...')
#2 C:\xampp\htdocs\warehouse\system\View\View.php(213): CodeIgniter\View\View->CodeIgniter\View\{closure}()
#3 C:\xampp\htdocs\warehouse\system\Common.php(1089): CodeIgniter\View\View->render('v_show_history', Array, true)
#4 C:\xampp\htdocs\warehouse\app\Controllers\Warehouse.php(29): view('v_show_history', Array)
#5 C:\xampp\htdocs\warehouse\system\CodeIgniter.php(825): App\Controllers\Warehouse->show_history()
#6 C:\xampp\htdocs\warehouse\system\CodeIgniter.php(412): CodeIgniter\CodeIgniter->runController(Object(App\Controllers\Warehouse))
#7 C:\xampp\htdocs\warehouse\system\CodeIgniter.php(320): CodeIgniter\CodeIgniter->handleRequest(NULL, Object(Config\Cache), false)
#8 C:\xampp\htdocs\warehouse\public\index.php(37): CodeIgniter\CodeIgniter->run()
#9 {main}
CRITICAL - 2022-02-26 03:31:49 --> Invalid file: v_show_input_medicine.php
#0 C:\xampp\htdocs\warehouse\system\View\View.php(198): CodeIgniter\Exceptions\FrameworkException::forInvalidFile('v_show_input_me...')
#1 C:\xampp\htdocs\warehouse\system\Common.php(1089): CodeIgniter\View\View->render('v_show_input_me...', Array, true)
#2 C:\xampp\htdocs\warehouse\app\Controllers\Warehouse.php(21): view('v_show_input_me...', Array)
#3 C:\xampp\htdocs\warehouse\system\CodeIgniter.php(825): App\Controllers\Warehouse->input_medicine()
#4 C:\xampp\htdocs\warehouse\system\CodeIgniter.php(412): CodeIgniter\CodeIgniter->runController(Object(App\Controllers\Warehouse))
#5 C:\xampp\htdocs\warehouse\system\CodeIgniter.php(320): CodeIgniter\CodeIgniter->handleRequest(NULL, Object(Config\Cache), false)
#6 C:\xampp\htdocs\warehouse\public\index.php(37): CodeIgniter\CodeIgniter->run()
#7 {main}
CRITICAL - 2022-02-26 03:54:52 --> Undefined property: stdClass::$mfd_date
#0 C:\xampp\htdocs\warehouse\app\Views\v_show_lot.php(42): CodeIgniter\Debug\Exceptions->errorHandler(2, 'Undefined prope...', 'C:\\xampp\\htdocs...', 42)
#1 C:\xampp\htdocs\warehouse\system\View\View.php(210): include('C:\\xampp\\htdocs...')
#2 C:\xampp\htdocs\warehouse\system\View\View.php(213): CodeIgniter\View\View->CodeIgniter\View\{closure}()
#3 C:\xampp\htdocs\warehouse\system\Common.php(1089): CodeIgniter\View\View->render('v_show_lot', Array, true)
#4 C:\xampp\htdocs\warehouse\app\Controllers\Warehouse.php(36): view('v_show_lot', Array)
#5 C:\xampp\htdocs\warehouse\system\CodeIgniter.php(825): App\Controllers\Warehouse->show_lot()
#6 C:\xampp\htdocs\warehouse\system\CodeIgniter.php(412): CodeIgniter\CodeIgniter->runController(Object(App\Controllers\Warehouse))
#7 C:\xampp\htdocs\warehouse\system\CodeIgniter.php(320): CodeIgniter\CodeIgniter->handleRequest(NULL, Object(Config\Cache), false)
#8 C:\xampp\htdocs\warehouse\public\index.php(37): CodeIgniter\CodeIgniter->run()
#9 {main}
CRITICAL - 2022-02-26 04:11:48 --> count(): Argument #1 ($value) must be of type Countable|array, null given
#0 C:\xampp\htdocs\warehouse\system\View\View.php(210): include()
#1 C:\xampp\htdocs\warehouse\system\View\View.php(213): CodeIgniter\View\View->CodeIgniter\View\{closure}()
#2 C:\xampp\htdocs\warehouse\system\Common.php(1089): CodeIgniter\View\View->render('v_show_medicine', Array, true)
#3 C:\xampp\htdocs\warehouse\app\Controllers\Warehouse.php(22): view('v_show_medicine', Array)
#4 C:\xampp\htdocs\warehouse\system\CodeIgniter.php(825): App\Controllers\Warehouse->show_medicine()
#5 C:\xampp\htdocs\warehouse\system\CodeIgniter.php(412): CodeIgniter\CodeIgniter->runController(Object(App\Controllers\Warehouse))
#6 C:\xampp\htdocs\warehouse\system\CodeIgniter.php(320): CodeIgniter\CodeIgniter->handleRequest(NULL, Object(Config\Cache), false)
#7 C:\xampp\htdocs\warehouse\public\index.php(37): CodeIgniter\CodeIgniter->run()
#8 {main}
CRITICAL - 2022-02-26 06:04:04 --> count(): Argument #1 ($value) must be of type Countable|array, null given
#0 C:\xampp\htdocs\warehouse\system\View\View.php(210): include()
#1 C:\xampp\htdocs\warehouse\system\View\View.php(213): CodeIgniter\View\View->CodeIgniter\View\{closure}()
#2 C:\xampp\htdocs\warehouse\system\Common.php(1089): CodeIgniter\View\View->render('v_show_medicine', Array, true)
#3 C:\xampp\htdocs\warehouse\app\Controllers\Warehouse.php(22): view('v_show_medicine', Array)
#4 C:\xampp\htdocs\warehouse\system\CodeIgniter.php(825): App\Controllers\Warehouse->show_medicine()
#5 C:\xampp\htdocs\warehouse\system\CodeIgniter.php(412): CodeIgniter\CodeIgniter->runController(Object(App\Controllers\Warehouse))
#6 C:\xampp\htdocs\warehouse\system\CodeIgniter.php(320): CodeIgniter\CodeIgniter->handleRequest(NULL, Object(Config\Cache), false)
#7 C:\xampp\htdocs\warehouse\public\index.php(37): CodeIgniter\CodeIgniter->run()
#8 {main}
CRITICAL - 2022-02-26 06:14:04 --> Undefined property: stdClass::$type_name
#0 C:\xampp\htdocs\warehouse\app\Views\v_show_medicine.php(41): CodeIgniter\Debug\Exceptions->errorHandler(2, 'Undefined prope...', 'C:\\xampp\\htdocs...', 41)
#1 C:\xampp\htdocs\warehouse\system\View\View.php(210): include('C:\\xampp\\htdocs...')
#2 C:\xampp\htdocs\warehouse\system\View\View.php(213): CodeIgniter\View\View->CodeIgniter\View\{closure}()
#3 C:\xampp\htdocs\warehouse\system\Common.php(1089): CodeIgniter\View\View->render('v_show_medicine', Array, true)
#4 C:\xampp\htdocs\warehouse\app\Controllers\Warehouse.php(25): view('v_show_medicine', Array)
#5 C:\xampp\htdocs\warehouse\system\CodeIgniter.php(825): App\Controllers\Warehouse->show_medicine()
#6 C:\xampp\htdocs\warehouse\system\CodeIgniter.php(412): CodeIgniter\CodeIgniter->runController(Object(App\Controllers\Warehouse))
#7 C:\xampp\htdocs\warehouse\system\CodeIgniter.php(320): CodeIgniter\CodeIgniter->handleRequest(NULL, Object(Config\Cache), false)
#8 C:\xampp\htdocs\warehouse\public\index.php(37): CodeIgniter\CodeIgniter->run()
#9 {main}
CRITICAL - 2022-02-26 06:57:23 --> Undefined array key 3
#0 C:\xampp\htdocs\warehouse\app\Views\v_show_medicine.php(37): CodeIgniter\Debug\Exceptions->errorHandler(2, 'Undefined array...', 'C:\\xampp\\htdocs...', 37)
#1 C:\xampp\htdocs\warehouse\system\View\View.php(210): include('C:\\xampp\\htdocs...')
#2 C:\xampp\htdocs\warehouse\system\View\View.php(213): CodeIgniter\View\View->CodeIgniter\View\{closure}()
#3 C:\xampp\htdocs\warehouse\system\Common.php(1089): CodeIgniter\View\View->render('v_show_medicine', Array, true)
#4 C:\xampp\htdocs\warehouse\app\Controllers\Warehouse.php(25): view('v_show_medicine', Array)
#5 C:\xampp\htdocs\warehouse\system\CodeIgniter.php(825): App\Controllers\Warehouse->show_medicine()
#6 C:\xampp\htdocs\warehouse\system\CodeIgniter.php(412): CodeIgniter\CodeIgniter->runController(Object(App\Controllers\Warehouse))
#7 C:\xampp\htdocs\warehouse\system\CodeIgniter.php(320): CodeIgniter\CodeIgniter->handleRequest(NULL, Object(Config\Cache), false)
#8 C:\xampp\htdocs\warehouse\public\index.php(37): CodeIgniter\CodeIgniter->run()
#9 {main}
CRITICAL - 2022-02-26 07:02:00 --> syntax error, unexpected variable "$m_his"
#0 C:\xampp\htdocs\warehouse\system\Router\Router.php(175): CodeIgniter\Router\Router->autoRoute('warehouse/show_...')
#1 C:\xampp\htdocs\warehouse\system\CodeIgniter.php(719): CodeIgniter\Router\Router->handle('warehouse/show_...')
#2 C:\xampp\htdocs\warehouse\system\CodeIgniter.php(361): CodeIgniter\CodeIgniter->tryToRouteIt(Object(CodeIgniter\Router\RouteCollection))
#3 C:\xampp\htdocs\warehouse\system\CodeIgniter.php(320): CodeIgniter\CodeIgniter->handleRequest(NULL, Object(Config\Cache), false)
#4 C:\xampp\htdocs\warehouse\public\index.php(37): CodeIgniter\CodeIgniter->run()
#5 {main}
CRITICAL - 2022-02-26 07:09:25 --> syntax error, unexpected variable "$m_his"
#0 C:\xampp\htdocs\warehouse\system\Router\Router.php(175): CodeIgniter\Router\Router->autoRoute('warehouse/show_...')
#1 C:\xampp\htdocs\warehouse\system\CodeIgniter.php(719): CodeIgniter\Router\Router->handle('warehouse/show_...')
#2 C:\xampp\htdocs\warehouse\system\CodeIgniter.php(361): CodeIgniter\CodeIgniter->tryToRouteIt(Object(CodeIgniter\Router\RouteCollection))
#3 C:\xampp\htdocs\warehouse\system\CodeIgniter.php(320): CodeIgniter\CodeIgniter->handleRequest(NULL, Object(Config\Cache), false)
#4 C:\xampp\htdocs\warehouse\public\index.php(37): CodeIgniter\CodeIgniter->run()
#5 {main}
CRITICAL - 2022-02-26 07:09:29 --> syntax error, unexpected variable "$m_his"
#0 C:\xampp\htdocs\warehouse\system\Router\Router.php(175): CodeIgniter\Router\Router->autoRoute('warehouse')
#1 C:\xampp\htdocs\warehouse\system\CodeIgniter.php(719): CodeIgniter\Router\Router->handle('warehouse')
#2 C:\xampp\htdocs\warehouse\system\CodeIgniter.php(361): CodeIgniter\CodeIgniter->tryToRouteIt(Object(CodeIgniter\Router\RouteCollection))
#3 C:\xampp\htdocs\warehouse\system\CodeIgniter.php(320): CodeIgniter\CodeIgniter->handleRequest(NULL, Object(Config\Cache), false)
#4 C:\xampp\htdocs\warehouse\public\index.php(37): CodeIgniter\CodeIgniter->run()
#5 {main}
CRITICAL - 2022-02-26 07:46:44 --> The original file is not a valid file.
#0 C:\xampp\htdocs\warehouse\system\HTTP\Files\UploadedFile.php(137): CodeIgniter\HTTP\Exceptions\HTTPException::forInvalidFile()
#1 C:\xampp\htdocs\warehouse\app\Controllers\Warehouse.php(51): CodeIgniter\HTTP\Files\UploadedFile->move('./picture/', '1645883204_00e4...')
#2 C:\xampp\htdocs\warehouse\system\CodeIgniter.php(825): App\Controllers\Warehouse->insert_medicine()
#3 C:\xampp\htdocs\warehouse\system\CodeIgniter.php(412): CodeIgniter\CodeIgniter->runController(Object(App\Controllers\Warehouse))
#4 C:\xampp\htdocs\warehouse\system\CodeIgniter.php(320): CodeIgniter\CodeIgniter->handleRequest(NULL, Object(Config\Cache), false)
#5 C:\xampp\htdocs\warehouse\public\index.php(37): CodeIgniter\CodeIgniter->run()
#6 {main}
CRITICAL - 2022-02-26 09:02:58 --> count(): Argument #1 ($value) must be of type Countable|array, null given
#0 C:\xampp\htdocs\warehouse\system\View\View.php(210): include()
#1 C:\xampp\htdocs\warehouse\system\View\View.php(213): CodeIgniter\View\View->CodeIgniter\View\{closure}()
#2 C:\xampp\htdocs\warehouse\system\Common.php(1089): CodeIgniter\View\View->render('v_show_lot', Array, true)
#3 C:\xampp\htdocs\warehouse\app\Controllers\Warehouse.php(32): view('v_show_lot', Array)
#4 C:\xampp\htdocs\warehouse\system\CodeIgniter.php(825): App\Controllers\Warehouse->show_lot()
#5 C:\xampp\htdocs\warehouse\system\CodeIgniter.php(412): CodeIgniter\CodeIgniter->runController(Object(App\Controllers\Warehouse))
#6 C:\xampp\htdocs\warehouse\system\CodeIgniter.php(320): CodeIgniter\CodeIgniter->handleRequest(NULL, Object(Config\Cache), false)
#7 C:\xampp\htdocs\warehouse\public\index.php(37): CodeIgniter\CodeIgniter->run()
#8 {main}
ERROR - 2022-02-26 09:06:06 --> Table 'warehouse.status' doesn't exist
CRITICAL - 2022-02-26 09:06:06 --> Table 'warehouse.status' doesn't exist
#0 C:\xampp\htdocs\warehouse\system\Database\MySQLi\Connection.php(292): mysqli->query('SELECT * FROM s...', 0)
#1 C:\xampp\htdocs\warehouse\system\Database\BaseConnection.php(670): CodeIgniter\Database\MySQLi\Connection->execute('SELECT * FROM s...')
#2 C:\xampp\htdocs\warehouse\system\Database\BaseConnection.php(598): CodeIgniter\Database\BaseConnection->simpleQuery('SELECT * FROM s...')
#3 C:\xampp\htdocs\warehouse\app\Models\M_status.php(12): CodeIgniter\Database\BaseConnection->query('SELECT * FROM s...')
#4 C:\xampp\htdocs\warehouse\app\Controllers\Warehouse.php(33): App\Models\M_status->get_all_status()
#5 C:\xampp\htdocs\warehouse\system\CodeIgniter.php(825): App\Controllers\Warehouse->show_lot()
#6 C:\xampp\htdocs\warehouse\system\CodeIgniter.php(412): CodeIgniter\CodeIgniter->runController(Object(App\Controllers\Warehouse))
#7 C:\xampp\htdocs\warehouse\system\CodeIgniter.php(320): CodeIgniter\CodeIgniter->handleRequest(NULL, Object(Config\Cache), false)
#8 C:\xampp\htdocs\warehouse\public\index.php(37): CodeIgniter\CodeIgniter->run()
#9 {main}
CRITICAL - 2022-02-26 09:13:21 --> Invalid file: show_login.php
#0 C:\xampp\htdocs\warehouse\system\View\View.php(198): CodeIgniter\Exceptions\FrameworkException::forInvalidFile('show_login.php')
#1 C:\xampp\htdocs\warehouse\system\Common.php(1089): CodeIgniter\View\View->render('show_login', Array, true)
#2 C:\xampp\htdocs\warehouse\app\Controllers\Warehouse.php(20): view('show_login')
#3 C:\xampp\htdocs\warehouse\system\CodeIgniter.php(825): App\Controllers\Warehouse->show_login()
#4 C:\xampp\htdocs\warehouse\system\CodeIgniter.php(412): CodeIgniter\CodeIgniter->runController(Object(App\Controllers\Warehouse))
#5 C:\xampp\htdocs\warehouse\system\CodeIgniter.php(320): CodeIgniter\CodeIgniter->handleRequest(NULL, Object(Config\Cache), false)
#6 C:\xampp\htdocs\warehouse\public\index.php(37): CodeIgniter\CodeIgniter->run()
#7 {main}
CRITICAL - 2022-02-26 09:14:35 --> Invalid file: show_login.php
#0 C:\xampp\htdocs\warehouse\system\View\View.php(198): CodeIgniter\Exceptions\FrameworkException::forInvalidFile('show_login.php')
#1 C:\xampp\htdocs\warehouse\system\Common.php(1089): CodeIgniter\View\View->render('show_login', Array, true)
#2 C:\xampp\htdocs\warehouse\app\Controllers\Warehouse.php(20): view('show_login')
#3 C:\xampp\htdocs\warehouse\system\CodeIgniter.php(825): App\Controllers\Warehouse->show_login()
#4 C:\xampp\htdocs\warehouse\system\CodeIgniter.php(412): CodeIgniter\CodeIgniter->runController(Object(App\Controllers\Warehouse))
#5 C:\xampp\htdocs\warehouse\system\CodeIgniter.php(320): CodeIgniter\CodeIgniter->handleRequest(NULL, Object(Config\Cache), false)
#6 C:\xampp\htdocs\warehouse\public\index.php(37): CodeIgniter\CodeIgniter->run()
#7 {main}
CRITICAL - 2022-02-26 09:14:36 --> Invalid file: show_login.php
#0 C:\xampp\htdocs\warehouse\system\View\View.php(198): CodeIgniter\Exceptions\FrameworkException::forInvalidFile('show_login.php')
#1 C:\xampp\htdocs\warehouse\system\Common.php(1089): CodeIgniter\View\View->render('show_login', Array, true)
#2 C:\xampp\htdocs\warehouse\app\Controllers\Warehouse.php(20): view('show_login')
#3 C:\xampp\htdocs\warehouse\system\CodeIgniter.php(825): App\Controllers\Warehouse->show_login()
#4 C:\xampp\htdocs\warehouse\system\CodeIgniter.php(412): CodeIgniter\CodeIgniter->runController(Object(App\Controllers\Warehouse))
#5 C:\xampp\htdocs\warehouse\system\CodeIgniter.php(320): CodeIgniter\CodeIgniter->handleRequest(NULL, Object(Config\Cache), false)
#6 C:\xampp\htdocs\warehouse\public\index.php(37): CodeIgniter\CodeIgniter->run()
#7 {main}
CRITICAL - 2022-02-26 09:43:23 --> Can't use method return value in write context
#0 [internal function]: CodeIgniter\Debug\Exceptions->shutdownHandler()
#1 {main}
CRITICAL - 2022-02-26 09:43:52 --> Can't use method return value in write context
#0 [internal function]: CodeIgniter\Debug\Exceptions->shutdownHandler()
#1 {main}
CRITICAL - 2022-02-26 10:09:27 --> syntax error, unexpected token "(", expecting identifier or variable or "{" or "$"
#0 C:\xampp\htdocs\warehouse\system\Router\Router.php(175): CodeIgniter\Router\Router->autoRoute('warehouse')
#1 C:\xampp\htdocs\warehouse\system\CodeIgniter.php(719): CodeIgniter\Router\Router->handle('warehouse')
#2 C:\xampp\htdocs\warehouse\system\CodeIgniter.php(361): CodeIgniter\CodeIgniter->tryToRouteIt(Object(CodeIgniter\Router\RouteCollection))
#3 C:\xampp\htdocs\warehouse\system\CodeIgniter.php(320): CodeIgniter\CodeIgniter->handleRequest(NULL, Object(Config\Cache), false)
#4 C:\xampp\htdocs\warehouse\public\index.php(37): CodeIgniter\CodeIgniter->run()
#5 {main}
CRITICAL - 2022-02-26 10:37:21 --> Class "Config\Auth" not found
#0 C:\xampp\htdocs\warehouse\system\CodeIgniter.php(386): CodeIgniter\Filters\Filters->run('warehouse/show_...', 'before')
#1 C:\xampp\htdocs\warehouse\system\CodeIgniter.php(320): CodeIgniter\CodeIgniter->handleRequest(NULL, Object(Config\Cache), false)
#2 C:\xampp\htdocs\warehouse\public\index.php(37): CodeIgniter\CodeIgniter->run()
#3 {main}
CRITICAL - 2022-02-26 10:38:27 --> Class "Config\Auth" not found
#0 C:\xampp\htdocs\warehouse\system\CodeIgniter.php(386): CodeIgniter\Filters\Filters->run('warehouse/show_...', 'before')
#1 C:\xampp\htdocs\warehouse\system\CodeIgniter.php(320): CodeIgniter\CodeIgniter->handleRequest(NULL, Object(Config\Cache), false)
#2 C:\xampp\htdocs\warehouse\public\index.php(37): CodeIgniter\CodeIgniter->run()
#3 {main}
CRITICAL - 2022-02-26 10:38:31 --> Class "Config\Auth" not found
#0 C:\xampp\htdocs\warehouse\system\CodeIgniter.php(386): CodeIgniter\Filters\Filters->run('warehouse/show_...', 'before')
#1 C:\xampp\htdocs\warehouse\system\CodeIgniter.php(320): CodeIgniter\CodeIgniter->handleRequest(NULL, Object(Config\Cache), false)
#2 C:\xampp\htdocs\warehouse\public\index.php(37): CodeIgniter\CodeIgniter->run()
#3 {main}
CRITICAL - 2022-02-26 10:42:39 --> Class "Config\Auth" not found
#0 C:\xampp\htdocs\warehouse\system\CodeIgniter.php(386): CodeIgniter\Filters\Filters->run('warehouse/show_...', 'before')
#1 C:\xampp\htdocs\warehouse\system\CodeIgniter.php(320): CodeIgniter\CodeIgniter->handleRequest(NULL, Object(Config\Cache), false)
#2 C:\xampp\htdocs\warehouse\public\index.php(37): CodeIgniter\CodeIgniter->run()
#3 {main}
CRITICAL - 2022-02-26 10:42:41 --> Class "Config\Auth" not found
#0 C:\xampp\htdocs\warehouse\system\CodeIgniter.php(386): CodeIgniter\Filters\Filters->run('warehouse/show_...', 'before')
#1 C:\xampp\htdocs\warehouse\system\CodeIgniter.php(320): CodeIgniter\CodeIgniter->handleRequest(NULL, Object(Config\Cache), false)
#2 C:\xampp\htdocs\warehouse\public\index.php(37): CodeIgniter\CodeIgniter->run()
#3 {main}
CRITICAL - 2022-02-26 10:44:34 --> Class "Config\Auth" not found
#0 C:\xampp\htdocs\warehouse\system\CodeIgniter.php(386): CodeIgniter\Filters\Filters->run('warehouse/show_...', 'before')
#1 C:\xampp\htdocs\warehouse\system\CodeIgniter.php(320): CodeIgniter\CodeIgniter->handleRequest(NULL, Object(Config\Cache), false)
#2 C:\xampp\htdocs\warehouse\public\index.php(37): CodeIgniter\CodeIgniter->run()
#3 {main}
CRITICAL - 2022-02-26 10:46:21 --> Class "Config\Auth" not found
#0 C:\xampp\htdocs\warehouse\system\CodeIgniter.php(386): CodeIgniter\Filters\Filters->run('warehouse/show_...', 'before')
#1 C:\xampp\htdocs\warehouse\system\CodeIgniter.php(320): CodeIgniter\CodeIgniter->handleRequest(NULL, Object(Config\Cache), false)
#2 C:\xampp\htdocs\warehouse\public\index.php(37): CodeIgniter\CodeIgniter->run()
#3 {main}
CRITICAL - 2022-02-26 10:47:38 --> Class "Config\Auth" not found
#0 C:\xampp\htdocs\warehouse\system\CodeIgniter.php(386): CodeIgniter\Filters\Filters->run('index', 'before')
#1 C:\xampp\htdocs\warehouse\system\CodeIgniter.php(320): CodeIgniter\CodeIgniter->handleRequest(NULL, Object(Config\Cache), false)
#2 C:\xampp\htdocs\warehouse\public\index.php(37): CodeIgniter\CodeIgniter->run()
#3 {main}
CRITICAL - 2022-02-26 11:07:01 --> Class "Config\Auth" not found
#0 C:\xampp\htdocs\warehouse\system\CodeIgniter.php(386): CodeIgniter\Filters\Filters->run('index', 'before')
#1 C:\xampp\htdocs\warehouse\system\CodeIgniter.php(320): CodeIgniter\CodeIgniter->handleRequest(NULL, Object(Config\Cache), false)
#2 C:\xampp\htdocs\warehouse\public\index.php(37): CodeIgniter\CodeIgniter->run()
#3 {main}
CRITICAL - 2022-02-26 11:07:11 --> Class "Config\Auth" not found
#0 C:\xampp\htdocs\warehouse\system\CodeIgniter.php(386): CodeIgniter\Filters\Filters->run('/', 'before')
#1 C:\xampp\htdocs\warehouse\system\CodeIgniter.php(320): CodeIgniter\CodeIgniter->handleRequest(NULL, Object(Config\Cache), false)
#2 C:\xampp\htdocs\warehouse\public\index.php(37): CodeIgniter\CodeIgniter->run()
#3 {main}
CRITICAL - 2022-02-26 11:07:12 --> Class "Config\Auth" not found
#0 C:\xampp\htdocs\warehouse\system\CodeIgniter.php(386): CodeIgniter\Filters\Filters->run('/', 'before')
#1 C:\xampp\htdocs\warehouse\system\CodeIgniter.php(320): CodeIgniter\CodeIgniter->handleRequest(NULL, Object(Config\Cache), false)
#2 C:\xampp\htdocs\warehouse\public\index.php(37): CodeIgniter\CodeIgniter->run()
#3 {main}
CRITICAL - 2022-02-26 11:07:13 --> Class "Config\Auth" not found
#0 C:\xampp\htdocs\warehouse\system\CodeIgniter.php(386): CodeIgniter\Filters\Filters->run('/', 'before')
#1 C:\xampp\htdocs\warehouse\system\CodeIgniter.php(320): CodeIgniter\CodeIgniter->handleRequest(NULL, Object(Config\Cache), false)
#2 C:\xampp\htdocs\warehouse\public\index.php(37): CodeIgniter\CodeIgniter->run()
#3 {main}
CRITICAL - 2022-02-26 11:09:33 --> Class "Config\Auth" not found
#0 C:\xampp\htdocs\warehouse\system\CodeIgniter.php(386): CodeIgniter\Filters\Filters->run('/', 'before')
#1 C:\xampp\htdocs\warehouse\system\CodeIgniter.php(320): CodeIgniter\CodeIgniter->handleRequest(NULL, Object(Config\Cache), false)
#2 C:\xampp\htdocs\warehouse\public\index.php(37): CodeIgniter\CodeIgniter->run()
#3 {main}
CRITICAL - 2022-02-26 11:09:34 --> Class "Config\Auth" not found
#0 C:\xampp\htdocs\warehouse\system\CodeIgniter.php(386): CodeIgniter\Filters\Filters->run('/', 'before')
#1 C:\xampp\htdocs\warehouse\system\CodeIgniter.php(320): CodeIgniter\CodeIgniter->handleRequest(NULL, Object(Config\Cache), false)
#2 C:\xampp\htdocs\warehouse\public\index.php(37): CodeIgniter\CodeIgniter->run()
#3 {main}
CRITICAL - 2022-02-26 11:09:35 --> Class "Config\Auth" not found
#0 C:\xampp\htdocs\warehouse\system\CodeIgniter.php(386): CodeIgniter\Filters\Filters->run('/', 'before')
#1 C:\xampp\htdocs\warehouse\system\CodeIgniter.php(320): CodeIgniter\CodeIgniter->handleRequest(NULL, Object(Config\Cache), false)
#2 C:\xampp\htdocs\warehouse\public\index.php(37): CodeIgniter\CodeIgniter->run()
#3 {main}
CRITICAL - 2022-02-26 11:09:35 --> Class "Config\Auth" not found
#0 C:\xampp\htdocs\warehouse\system\CodeIgniter.php(386): CodeIgniter\Filters\Filters->run('/', 'before')
#1 C:\xampp\htdocs\warehouse\system\CodeIgniter.php(320): CodeIgniter\CodeIgniter->handleRequest(NULL, Object(Config\Cache), false)
#2 C:\xampp\htdocs\warehouse\public\index.php(37): CodeIgniter\CodeIgniter->run()
#3 {main}
CRITICAL - 2022-02-26 11:09:35 --> Class "Config\Auth" not found
#0 C:\xampp\htdocs\warehouse\system\CodeIgniter.php(386): CodeIgniter\Filters\Filters->run('/', 'before')
#1 C:\xampp\htdocs\warehouse\system\CodeIgniter.php(320): CodeIgniter\CodeIgniter->handleRequest(NULL, Object(Config\Cache), false)
#2 C:\xampp\htdocs\warehouse\public\index.php(37): CodeIgniter\CodeIgniter->run()
#3 {main}
CRITICAL - 2022-02-26 11:09:35 --> Class "Config\Auth" not found
#0 C:\xampp\htdocs\warehouse\system\CodeIgniter.php(386): CodeIgniter\Filters\Filters->run('/', 'before')
#1 C:\xampp\htdocs\warehouse\system\CodeIgniter.php(320): CodeIgniter\CodeIgniter->handleRequest(NULL, Object(Config\Cache), false)
#2 C:\xampp\htdocs\warehouse\public\index.php(37): CodeIgniter\CodeIgniter->run()
#3 {main}
CRITICAL - 2022-02-26 11:09:35 --> Class "Config\Auth" not found
#0 C:\xampp\htdocs\warehouse\system\CodeIgniter.php(386): CodeIgniter\Filters\Filters->run('/', 'before')
#1 C:\xampp\htdocs\warehouse\system\CodeIgniter.php(320): CodeIgniter\CodeIgniter->handleRequest(NULL, Object(Config\Cache), false)
#2 C:\xampp\htdocs\warehouse\public\index.php(37): CodeIgniter\CodeIgniter->run()
#3 {main}
CRITICAL - 2022-02-26 11:09:35 --> Class "Config\Auth" not found
#0 C:\xampp\htdocs\warehouse\system\CodeIgniter.php(386): CodeIgniter\Filters\Filters->run('/', 'before')
#1 C:\xampp\htdocs\warehouse\system\CodeIgniter.php(320): CodeIgniter\CodeIgniter->handleRequest(NULL, Object(Config\Cache), false)
#2 C:\xampp\htdocs\warehouse\public\index.php(37): CodeIgniter\CodeIgniter->run()
#3 {main}
CRITICAL - 2022-02-26 11:09:37 --> Class "Config\Auth" not found
#0 C:\xampp\htdocs\warehouse\system\CodeIgniter.php(386): CodeIgniter\Filters\Filters->run('/', 'before')
#1 C:\xampp\htdocs\warehouse\system\CodeIgniter.php(320): CodeIgniter\CodeIgniter->handleRequest(NULL, Object(Config\Cache), false)
#2 C:\xampp\htdocs\warehouse\public\index.php(37): CodeIgniter\CodeIgniter->run()
#3 {main}
CRITICAL - 2022-02-26 11:09:37 --> Class "Config\Auth" not found
#0 C:\xampp\htdocs\warehouse\system\CodeIgniter.php(386): CodeIgniter\Filters\Filters->run('/', 'before')
#1 C:\xampp\htdocs\warehouse\system\CodeIgniter.php(320): CodeIgniter\CodeIgniter->handleRequest(NULL, Object(Config\Cache), false)
#2 C:\xampp\htdocs\warehouse\public\index.php(37): CodeIgniter\CodeIgniter->run()
#3 {main}
CRITICAL - 2022-02-26 11:09:38 --> Class "Config\Auth" not found
#0 C:\xampp\htdocs\warehouse\system\CodeIgniter.php(386): CodeIgniter\Filters\Filters->run('/', 'before')
#1 C:\xampp\htdocs\warehouse\system\CodeIgniter.php(320): CodeIgniter\CodeIgniter->handleRequest(NULL, Object(Config\Cache), false)
#2 C:\xampp\htdocs\warehouse\public\index.php(37): CodeIgniter\CodeIgniter->run()
#3 {main}
CRITICAL - 2022-02-26 11:09:38 --> Class "Config\Auth" not found
#0 C:\xampp\htdocs\warehouse\system\CodeIgniter.php(386): CodeIgniter\Filters\Filters->run('/', 'before')
#1 C:\xampp\htdocs\warehouse\system\CodeIgniter.php(320): CodeIgniter\CodeIgniter->handleRequest(NULL, Object(Config\Cache), false)
#2 C:\xampp\htdocs\warehouse\public\index.php(37): CodeIgniter\CodeIgniter->run()
#3 {main}
CRITICAL - 2022-02-26 11:09:38 --> Class "Config\Auth" not found
#0 C:\xampp\htdocs\warehouse\system\CodeIgniter.php(386): CodeIgniter\Filters\Filters->run('/', 'before')
#1 C:\xampp\htdocs\warehouse\system\CodeIgniter.php(320): CodeIgniter\CodeIgniter->handleRequest(NULL, Object(Config\Cache), false)
#2 C:\xampp\htdocs\warehouse\public\index.php(37): CodeIgniter\CodeIgniter->run()
#3 {main}
CRITICAL - 2022-02-26 11:09:38 --> Class "Config\Auth" not found
#0 C:\xampp\htdocs\warehouse\system\CodeIgniter.php(386): CodeIgniter\Filters\Filters->run('/', 'before')
#1 C:\xampp\htdocs\warehouse\system\CodeIgniter.php(320): CodeIgniter\CodeIgniter->handleRequest(NULL, Object(Config\Cache), false)
#2 C:\xampp\htdocs\warehouse\public\index.php(37): CodeIgniter\CodeIgniter->run()
#3 {main}
CRITICAL - 2022-02-26 11:11:11 --> Class "Config\Auth" not found
#0 C:\xampp\htdocs\warehouse\system\CodeIgniter.php(386): CodeIgniter\Filters\Filters->run('/', 'before')
#1 C:\xampp\htdocs\warehouse\system\CodeIgniter.php(320): CodeIgniter\CodeIgniter->handleRequest(NULL, Object(Config\Cache), false)
#2 C:\xampp\htdocs\warehouse\public\index.php(37): CodeIgniter\CodeIgniter->run()
#3 {main}
CRITICAL - 2022-02-26 11:12:21 --> Class "Config\Auth" not found
#0 C:\xampp\htdocs\warehouse\system\CodeIgniter.php(386): CodeIgniter\Filters\Filters->run('/', 'before')
#1 C:\xampp\htdocs\warehouse\system\CodeIgniter.php(320): CodeIgniter\CodeIgniter->handleRequest(NULL, Object(Config\Cache), false)
#2 C:\xampp\htdocs\warehouse\public\index.php(37): CodeIgniter\CodeIgniter->run()
#3 {main}
CRITICAL - 2022-02-26 11:12:50 --> Class "Config\Auth" not found
#0 C:\xampp\htdocs\warehouse\system\CodeIgniter.php(386): CodeIgniter\Filters\Filters->run('/', 'before')
#1 C:\xampp\htdocs\warehouse\system\CodeIgniter.php(320): CodeIgniter\CodeIgniter->handleRequest(NULL, Object(Config\Cache), false)
#2 C:\xampp\htdocs\warehouse\public\index.php(37): CodeIgniter\CodeIgniter->run()
#3 {main}
CRITICAL - 2022-02-26 11:23:14 --> Undefined property: Config\App::$indexPage
#0 C:\xampp\htdocs\warehouse\system\Helpers\url_helper.php(51): CodeIgniter\Debug\Exceptions->errorHandler(2, 'Undefined prope...', 'C:\\xampp\\htdocs...', 51)
#1 C:\xampp\htdocs\warehouse\system\Helpers\url_helper.php(87): _get_uri('/warehouse/show...', Object(Config\App))
#2 C:\xampp\htdocs\warehouse\system\HTTP\RedirectResponse.php(37): site_url('/warehouse/show...')
#3 C:\xampp\htdocs\warehouse\app\Filters\Auth.php(13): CodeIgniter\HTTP\RedirectResponse->to('/warehouse/show...')
#4 C:\xampp\htdocs\warehouse\system\Filters\Filters.php(173): App\Filters\Auth->before(Object(CodeIgniter\HTTP\IncomingRequest), NULL)
#5 C:\xampp\htdocs\warehouse\system\CodeIgniter.php(386): CodeIgniter\Filters\Filters->run('/', 'before')
#6 C:\xampp\htdocs\warehouse\system\CodeIgniter.php(320): CodeIgniter\CodeIgniter->handleRequest(NULL, Object(Config\Cache), false)
#7 C:\xampp\htdocs\warehouse\public\index.php(37): CodeIgniter\CodeIgniter->run()
#8 {main}
CRITICAL - 2022-02-26 11:31:49 --> Object of class stdClass could not be converted to string
#0 C:\xampp\htdocs\warehouse\system\View\View.php(210): include()
#1 C:\xampp\htdocs\warehouse\system\View\View.php(213): CodeIgniter\View\View->CodeIgniter\View\{closure}()
#2 C:\xampp\htdocs\warehouse\system\Common.php(1089): CodeIgniter\View\View->render('v_show_lot', Array, true)
#3 C:\xampp\htdocs\warehouse\app\Controllers\Warehouse.php(109): view('v_show_lot', Array)
#4 C:\xampp\htdocs\warehouse\system\CodeIgniter.php(825): App\Controllers\Warehouse->show_lot()
#5 C:\xampp\htdocs\warehouse\system\CodeIgniter.php(412): CodeIgniter\CodeIgniter->runController(Object(App\Controllers\Warehouse))
#6 C:\xampp\htdocs\warehouse\system\CodeIgniter.php(320): CodeIgniter\CodeIgniter->handleRequest(NULL, Object(Config\Cache), false)
#7 C:\xampp\htdocs\warehouse\public\index.php(37): CodeIgniter\CodeIgniter->run()
#8 {main}
CRITICAL - 2022-02-26 11:33:27 --> Object of class stdClass could not be converted to string
#0 C:\xampp\htdocs\warehouse\system\View\View.php(210): include()
#1 C:\xampp\htdocs\warehouse\system\View\View.php(213): CodeIgniter\View\View->CodeIgniter\View\{closure}()
#2 C:\xampp\htdocs\warehouse\system\Common.php(1089): CodeIgniter\View\View->render('v_show_lot', Array, true)
#3 C:\xampp\htdocs\warehouse\app\Controllers\Warehouse.php(109): view('v_show_lot', Array)
#4 C:\xampp\htdocs\warehouse\system\CodeIgniter.php(825): App\Controllers\Warehouse->show_lot()
#5 C:\xampp\htdocs\warehouse\system\CodeIgniter.php(412): CodeIgniter\CodeIgniter->runController(Object(App\Controllers\Warehouse))
#6 C:\xampp\htdocs\warehouse\system\CodeIgniter.php(320): CodeIgniter\CodeIgniter->handleRequest(NULL, Object(Config\Cache), false)
#7 C:\xampp\htdocs\warehouse\public\index.php(37): CodeIgniter\CodeIgniter->run()
#8 {main}
CRITICAL - 2022-02-26 11:33:28 --> Object of class stdClass could not be converted to string
#0 C:\xampp\htdocs\warehouse\system\View\View.php(210): include()
#1 C:\xampp\htdocs\warehouse\system\View\View.php(213): CodeIgniter\View\View->CodeIgniter\View\{closure}()
#2 C:\xampp\htdocs\warehouse\system\Common.php(1089): CodeIgniter\View\View->render('v_show_lot', Array, true)
#3 C:\xampp\htdocs\warehouse\app\Controllers\Warehouse.php(109): view('v_show_lot', Array)
#4 C:\xampp\htdocs\warehouse\system\CodeIgniter.php(825): App\Controllers\Warehouse->show_lot()
#5 C:\xampp\htdocs\warehouse\system\CodeIgniter.php(412): CodeIgniter\CodeIgniter->runController(Object(App\Controllers\Warehouse))
#6 C:\xampp\htdocs\warehouse\system\CodeIgniter.php(320): CodeIgniter\CodeIgniter->handleRequest(NULL, Object(Config\Cache), false)
#7 C:\xampp\htdocs\warehouse\public\index.php(37): CodeIgniter\CodeIgniter->run()
#8 {main}
CRITICAL - 2022-02-26 11:33:28 --> Object of class stdClass could not be converted to string
#0 C:\xampp\htdocs\warehouse\system\View\View.php(210): include()
#1 C:\xampp\htdocs\warehouse\system\View\View.php(213): CodeIgniter\View\View->CodeIgniter\View\{closure}()
#2 C:\xampp\htdocs\warehouse\system\Common.php(1089): CodeIgniter\View\View->render('v_show_lot', Array, true)
#3 C:\xampp\htdocs\warehouse\app\Controllers\Warehouse.php(109): view('v_show_lot', Array)
#4 C:\xampp\htdocs\warehouse\system\CodeIgniter.php(825): App\Controllers\Warehouse->show_lot()
#5 C:\xampp\htdocs\warehouse\system\CodeIgniter.php(412): CodeIgniter\CodeIgniter->runController(Object(App\Controllers\Warehouse))
#6 C:\xampp\htdocs\warehouse\system\CodeIgniter.php(320): CodeIgniter\CodeIgniter->handleRequest(NULL, Object(Config\Cache), false)
#7 C:\xampp\htdocs\warehouse\public\index.php(37): CodeIgniter\CodeIgniter->run()
#8 {main}
CRITICAL - 2022-02-26 11:33:29 --> Object of class stdClass could not be converted to string
#0 C:\xampp\htdocs\warehouse\system\View\View.php(210): include()
#1 C:\xampp\htdocs\warehouse\system\View\View.php(213): CodeIgniter\View\View->CodeIgniter\View\{closure}()
#2 C:\xampp\htdocs\warehouse\system\Common.php(1089): CodeIgniter\View\View->render('v_show_lot', Array, true)
#3 C:\xampp\htdocs\warehouse\app\Controllers\Warehouse.php(109): view('v_show_lot', Array)
#4 C:\xampp\htdocs\warehouse\system\CodeIgniter.php(825): App\Controllers\Warehouse->show_lot()
#5 C:\xampp\htdocs\warehouse\system\CodeIgniter.php(412): CodeIgniter\CodeIgniter->runController(Object(App\Controllers\Warehouse))
#6 C:\xampp\htdocs\warehouse\system\CodeIgniter.php(320): CodeIgniter\CodeIgniter->handleRequest(NULL, Object(Config\Cache), false)
#7 C:\xampp\htdocs\warehouse\public\index.php(37): CodeIgniter\CodeIgniter->run()
#8 {main}
CRITICAL - 2022-02-26 11:33:29 --> Object of class stdClass could not be converted to string
#0 C:\xampp\htdocs\warehouse\system\View\View.php(210): include()
#1 C:\xampp\htdocs\warehouse\system\View\View.php(213): CodeIgniter\View\View->CodeIgniter\View\{closure}()
#2 C:\xampp\htdocs\warehouse\system\Common.php(1089): CodeIgniter\View\View->render('v_show_lot', Array, true)
#3 C:\xampp\htdocs\warehouse\app\Controllers\Warehouse.php(109): view('v_show_lot', Array)
#4 C:\xampp\htdocs\warehouse\system\CodeIgniter.php(825): App\Controllers\Warehouse->show_lot()
#5 C:\xampp\htdocs\warehouse\system\CodeIgniter.php(412): CodeIgniter\CodeIgniter->runController(Object(App\Controllers\Warehouse))
#6 C:\xampp\htdocs\warehouse\system\CodeIgniter.php(320): CodeIgniter\CodeIgniter->handleRequest(NULL, Object(Config\Cache), false)
#7 C:\xampp\htdocs\warehouse\public\index.php(37): CodeIgniter\CodeIgniter->run()
#8 {main}
CRITICAL - 2022-02-26 11:33:30 --> Object of class stdClass could not be converted to string
#0 C:\xampp\htdocs\warehouse\system\View\View.php(210): include()
#1 C:\xampp\htdocs\warehouse\system\View\View.php(213): CodeIgniter\View\View->CodeIgniter\View\{closure}()
#2 C:\xampp\htdocs\warehouse\system\Common.php(1089): CodeIgniter\View\View->render('v_show_lot', Array, true)
#3 C:\xampp\htdocs\warehouse\app\Controllers\Warehouse.php(109): view('v_show_lot', Array)
#4 C:\xampp\htdocs\warehouse\system\CodeIgniter.php(825): App\Controllers\Warehouse->show_lot()
#5 C:\xampp\htdocs\warehouse\system\CodeIgniter.php(412): CodeIgniter\CodeIgniter->runController(Object(App\Controllers\Warehouse))
#6 C:\xampp\htdocs\warehouse\system\CodeIgniter.php(320): CodeIgniter\CodeIgniter->handleRequest(NULL, Object(Config\Cache), false)
#7 C:\xampp\htdocs\warehouse\public\index.php(37): CodeIgniter\CodeIgniter->run()
#8 {main}
CRITICAL - 2022-02-26 11:33:31 --> Object of class stdClass could not be converted to string
#0 C:\xampp\htdocs\warehouse\system\View\View.php(210): include()
#1 C:\xampp\htdocs\warehouse\system\View\View.php(213): CodeIgniter\View\View->CodeIgniter\View\{closure}()
#2 C:\xampp\htdocs\warehouse\system\Common.php(1089): CodeIgniter\View\View->render('v_show_lot', Array, true)
#3 C:\xampp\htdocs\warehouse\app\Controllers\Warehouse.php(109): view('v_show_lot', Array)
#4 C:\xampp\htdocs\warehouse\system\CodeIgniter.php(825): App\Controllers\Warehouse->show_lot()
#5 C:\xampp\htdocs\warehouse\system\CodeIgniter.php(412): CodeIgniter\CodeIgniter->runController(Object(App\Controllers\Warehouse))
#6 C:\xampp\htdocs\warehouse\system\CodeIgniter.php(320): CodeIgniter\CodeIgniter->handleRequest(NULL, Object(Config\Cache), false)
#7 C:\xampp\htdocs\warehouse\public\index.php(37): CodeIgniter\CodeIgniter->run()
#8 {main}
CRITICAL - 2022-02-26 11:33:31 --> Object of class stdClass could not be converted to string
#0 C:\xampp\htdocs\warehouse\system\View\View.php(210): include()
#1 C:\xampp\htdocs\warehouse\system\View\View.php(213): CodeIgniter\View\View->CodeIgniter\View\{closure}()
#2 C:\xampp\htdocs\warehouse\system\Common.php(1089): CodeIgniter\View\View->render('v_show_lot', Array, true)
#3 C:\xampp\htdocs\warehouse\app\Controllers\Warehouse.php(109): view('v_show_lot', Array)
#4 C:\xampp\htdocs\warehouse\system\CodeIgniter.php(825): App\Controllers\Warehouse->show_lot()
#5 C:\xampp\htdocs\warehouse\system\CodeIgniter.php(412): CodeIgniter\CodeIgniter->runController(Object(App\Controllers\Warehouse))
#6 C:\xampp\htdocs\warehouse\system\CodeIgniter.php(320): CodeIgniter\CodeIgniter->handleRequest(NULL, Object(Config\Cache), false)
#7 C:\xampp\htdocs\warehouse\public\index.php(37): CodeIgniter\CodeIgniter->run()
#8 {main}
CRITICAL - 2022-02-26 11:35:05 --> Object of class stdClass could not be converted to string
#0 C:\xampp\htdocs\warehouse\system\View\View.php(210): include()
#1 C:\xampp\htdocs\warehouse\system\View\View.php(213): CodeIgniter\View\View->CodeIgniter\View\{closure}()
#2 C:\xampp\htdocs\warehouse\system\Common.php(1089): CodeIgniter\View\View->render('v_show_lot', Array, true)
#3 C:\xampp\htdocs\warehouse\app\Controllers\Warehouse.php(109): view('v_show_lot', Array)
#4 C:\xampp\htdocs\warehouse\system\CodeIgniter.php(825): App\Controllers\Warehouse->show_lot()
#5 C:\xampp\htdocs\warehouse\system\CodeIgniter.php(412): CodeIgniter\CodeIgniter->runController(Object(App\Controllers\Warehouse))
#6 C:\xampp\htdocs\warehouse\system\CodeIgniter.php(320): CodeIgniter\CodeIgniter->handleRequest(NULL, Object(Config\Cache), false)
#7 C:\xampp\htdocs\warehouse\public\index.php(37): CodeIgniter\CodeIgniter->run()
#8 {main}
CRITICAL - 2022-02-26 11:35:05 --> Object of class stdClass could not be converted to string
#0 C:\xampp\htdocs\warehouse\system\View\View.php(210): include()
#1 C:\xampp\htdocs\warehouse\system\View\View.php(213): CodeIgniter\View\View->CodeIgniter\View\{closure}()
#2 C:\xampp\htdocs\warehouse\system\Common.php(1089): CodeIgniter\View\View->render('v_show_lot', Array, true)
#3 C:\xampp\htdocs\warehouse\app\Controllers\Warehouse.php(109): view('v_show_lot', Array)
#4 C:\xampp\htdocs\warehouse\system\CodeIgniter.php(825): App\Controllers\Warehouse->show_lot()
#5 C:\xampp\htdocs\warehouse\system\CodeIgniter.php(412): CodeIgniter\CodeIgniter->runController(Object(App\Controllers\Warehouse))
#6 C:\xampp\htdocs\warehouse\system\CodeIgniter.php(320): CodeIgniter\CodeIgniter->handleRequest(NULL, Object(Config\Cache), false)
#7 C:\xampp\htdocs\warehouse\public\index.php(37): CodeIgniter\CodeIgniter->run()
#8 {main}
CRITICAL - 2022-02-26 11:35:06 --> Object of class stdClass could not be converted to string
#0 C:\xampp\htdocs\warehouse\system\View\View.php(210): include()
#1 C:\xampp\htdocs\warehouse\system\View\View.php(213): CodeIgniter\View\View->CodeIgniter\View\{closure}()
#2 C:\xampp\htdocs\warehouse\system\Common.php(1089): CodeIgniter\View\View->render('v_show_lot', Array, true)
#3 C:\xampp\htdocs\warehouse\app\Controllers\Warehouse.php(109): view('v_show_lot', Array)
#4 C:\xampp\htdocs\warehouse\system\CodeIgniter.php(825): App\Controllers\Warehouse->show_lot()
#5 C:\xampp\htdocs\warehouse\system\CodeIgniter.php(412): CodeIgniter\CodeIgniter->runController(Object(App\Controllers\Warehouse))
#6 C:\xampp\htdocs\warehouse\system\CodeIgniter.php(320): CodeIgniter\CodeIgniter->handleRequest(NULL, Object(Config\Cache), false)
#7 C:\xampp\htdocs\warehouse\public\index.php(37): CodeIgniter\CodeIgniter->run()
#8 {main}
CRITICAL - 2022-02-26 11:36:42 --> Undefined variable $user
#0 C:\xampp\htdocs\warehouse\app\Models\M_employee.php(15): CodeIgniter\Debug\Exceptions->errorHandler(2, 'Undefined varia...', 'C:\\xampp\\htdocs...', 15)
#1 C:\xampp\htdocs\warehouse\app\Controllers\Warehouse.php(42): App\Models\M_employee->get_employee_id('63160248')
#2 C:\xampp\htdocs\warehouse\system\CodeIgniter.php(825): App\Controllers\Warehouse->check_login()
#3 C:\xampp\htdocs\warehouse\system\CodeIgniter.php(412): CodeIgniter\CodeIgniter->runController(Object(App\Controllers\Warehouse))
#4 C:\xampp\htdocs\warehouse\system\CodeIgniter.php(320): CodeIgniter\CodeIgniter->handleRequest(NULL, Object(Config\Cache), false)
#5 C:\xampp\htdocs\warehouse\public\index.php(37): CodeIgniter\CodeIgniter->run()
#6 {main}
CRITICAL - 2022-02-26 11:38:19 --> Object of class stdClass could not be converted to string
#0 C:\xampp\htdocs\warehouse\system\View\View.php(210): include()
#1 C:\xampp\htdocs\warehouse\system\View\View.php(213): CodeIgniter\View\View->CodeIgniter\View\{closure}()
#2 C:\xampp\htdocs\warehouse\system\Common.php(1089): CodeIgniter\View\View->render('v_show_lot', Array, true)
#3 C:\xampp\htdocs\warehouse\app\Controllers\Warehouse.php(109): view('v_show_lot', Array)
#4 C:\xampp\htdocs\warehouse\system\CodeIgniter.php(825): App\Controllers\Warehouse->show_lot()
#5 C:\xampp\htdocs\warehouse\system\CodeIgniter.php(412): CodeIgniter\CodeIgniter->runController(Object(App\Controllers\Warehouse))
#6 C:\xampp\htdocs\warehouse\system\CodeIgniter.php(320): CodeIgniter\CodeIgniter->handleRequest(NULL, Object(Config\Cache), false)
#7 C:\xampp\htdocs\warehouse\public\index.php(37): CodeIgniter\CodeIgniter->run()
#8 {main}
CRITICAL - 2022-02-26 11:39:40 --> Object of class stdClass could not be converted to string
#0 C:\xampp\htdocs\warehouse\system\View\View.php(210): include()
#1 C:\xampp\htdocs\warehouse\system\View\View.php(213): CodeIgniter\View\View->CodeIgniter\View\{closure}()
#2 C:\xampp\htdocs\warehouse\system\Common.php(1089): CodeIgniter\View\View->render('v_show_lot', Array, true)
#3 C:\xampp\htdocs\warehouse\app\Controllers\Warehouse.php(109): view('v_show_lot', Array)
#4 C:\xampp\htdocs\warehouse\system\CodeIgniter.php(825): App\Controllers\Warehouse->show_lot()
#5 C:\xampp\htdocs\warehouse\system\CodeIgniter.php(412): CodeIgniter\CodeIgniter->runController(Object(App\Controllers\Warehouse))
#6 C:\xampp\htdocs\warehouse\system\CodeIgniter.php(320): CodeIgniter\CodeIgniter->handleRequest(NULL, Object(Config\Cache), false)
#7 C:\xampp\htdocs\warehouse\public\index.php(37): CodeIgniter\CodeIgniter->run()
#8 {main}
CRITICAL - 2022-02-26 11:39:54 --> Object of class stdClass could not be converted to string
#0 C:\xampp\htdocs\warehouse\system\View\View.php(210): include()
#1 C:\xampp\htdocs\warehouse\system\View\View.php(213): CodeIgniter\View\View->CodeIgniter\View\{closure}()
#2 C:\xampp\htdocs\warehouse\system\Common.php(1089): CodeIgniter\View\View->render('v_show_lot', Array, true)
#3 C:\xampp\htdocs\warehouse\app\Controllers\Warehouse.php(109): view('v_show_lot', Array)
#4 C:\xampp\htdocs\warehouse\system\CodeIgniter.php(825): App\Controllers\Warehouse->show_lot()
#5 C:\xampp\htdocs\warehouse\system\CodeIgniter.php(412): CodeIgniter\CodeIgniter->runController(Object(App\Controllers\Warehouse))
#6 C:\xampp\htdocs\warehouse\system\CodeIgniter.php(320): CodeIgniter\CodeIgniter->handleRequest(NULL, Object(Config\Cache), false)
#7 C:\xampp\htdocs\warehouse\public\index.php(37): CodeIgniter\CodeIgniter->run()
#8 {main}
CRITICAL - 2022-02-26 11:40:15 --> Object of class stdClass could not be converted to string
#0 C:\xampp\htdocs\warehouse\system\View\View.php(210): include()
#1 C:\xampp\htdocs\warehouse\system\View\View.php(213): CodeIgniter\View\View->CodeIgniter\View\{closure}()
#2 C:\xampp\htdocs\warehouse\system\Common.php(1089): CodeIgniter\View\View->render('v_show_lot', Array, true)
#3 C:\xampp\htdocs\warehouse\app\Controllers\Warehouse.php(109): view('v_show_lot', Array)
#4 C:\xampp\htdocs\warehouse\system\CodeIgniter.php(825): App\Controllers\Warehouse->show_lot()
#5 C:\xampp\htdocs\warehouse\system\CodeIgniter.php(412): CodeIgniter\CodeIgniter->runController(Object(App\Controllers\Warehouse))
#6 C:\xampp\htdocs\warehouse\system\CodeIgniter.php(320): CodeIgniter\CodeIgniter->handleRequest(NULL, Object(Config\Cache), false)
#7 C:\xampp\htdocs\warehouse\public\index.php(37): CodeIgniter\CodeIgniter->run()
#8 {main}
CRITICAL - 2022-02-26 11:41:47 --> Object of class stdClass could not be converted to string
#0 C:\xampp\htdocs\warehouse\system\View\View.php(210): include()
#1 C:\xampp\htdocs\warehouse\system\View\View.php(213): CodeIgniter\View\View->CodeIgniter\View\{closure}()
#2 C:\xampp\htdocs\warehouse\system\Common.php(1089): CodeIgniter\View\View->render('v_show_lot', Array, true)
#3 C:\xampp\htdocs\warehouse\app\Controllers\Warehouse.php(109): view('v_show_lot', Array)
#4 C:\xampp\htdocs\warehouse\system\CodeIgniter.php(825): App\Controllers\Warehouse->show_lot()
#5 C:\xampp\htdocs\warehouse\system\CodeIgniter.php(412): CodeIgniter\CodeIgniter->runController(Object(App\Controllers\Warehouse))
#6 C:\xampp\htdocs\warehouse\system\CodeIgniter.php(320): CodeIgniter\CodeIgniter->handleRequest(NULL, Object(Config\Cache), false)
#7 C:\xampp\htdocs\warehouse\public\index.php(37): CodeIgniter\CodeIgniter->run()
#8 {main}
CRITICAL - 2022-02-26 11:42:14 --> Object of class stdClass could not be converted to string
#0 C:\xampp\htdocs\warehouse\system\View\View.php(210): include()
#1 C:\xampp\htdocs\warehouse\system\View\View.php(213): CodeIgniter\View\View->CodeIgniter\View\{closure}()
#2 C:\xampp\htdocs\warehouse\system\Common.php(1089): CodeIgniter\View\View->render('v_show_lot', Array, true)
#3 C:\xampp\htdocs\warehouse\app\Controllers\Warehouse.php(109): view('v_show_lot', Array)
#4 C:\xampp\htdocs\warehouse\system\CodeIgniter.php(825): App\Controllers\Warehouse->show_lot()
#5 C:\xampp\htdocs\warehouse\system\CodeIgniter.php(412): CodeIgniter\CodeIgniter->runController(Object(App\Controllers\Warehouse))
#6 C:\xampp\htdocs\warehouse\system\CodeIgniter.php(320): CodeIgniter\CodeIgniter->handleRequest(NULL, Object(Config\Cache), false)
#7 C:\xampp\htdocs\warehouse\public\index.php(37): CodeIgniter\CodeIgniter->run()
#8 {main}
CRITICAL - 2022-02-26 11:42:49 --> Object of class stdClass could not be converted to string
#0 C:\xampp\htdocs\warehouse\system\View\View.php(210): include()
#1 C:\xampp\htdocs\warehouse\system\View\View.php(213): CodeIgniter\View\View->CodeIgniter\View\{closure}()
#2 C:\xampp\htdocs\warehouse\system\Common.php(1089): CodeIgniter\View\View->render('v_show_lot', Array, true)
#3 C:\xampp\htdocs\warehouse\app\Controllers\Warehouse.php(109): view('v_show_lot', Array)
#4 C:\xampp\htdocs\warehouse\system\CodeIgniter.php(825): App\Controllers\Warehouse->show_lot()
#5 C:\xampp\htdocs\warehouse\system\CodeIgniter.php(412): CodeIgniter\CodeIgniter->runController(Object(App\Controllers\Warehouse))
#6 C:\xampp\htdocs\warehouse\system\CodeIgniter.php(320): CodeIgniter\CodeIgniter->handleRequest(NULL, Object(Config\Cache), false)
#7 C:\xampp\htdocs\warehouse\public\index.php(37): CodeIgniter\CodeIgniter->run()
#8 {main}
CRITICAL - 2022-02-26 11:42:50 --> Object of class stdClass could not be converted to string
#0 C:\xampp\htdocs\warehouse\system\View\View.php(210): include()
#1 C:\xampp\htdocs\warehouse\system\View\View.php(213): CodeIgniter\View\View->CodeIgniter\View\{closure}()
#2 C:\xampp\htdocs\warehouse\system\Common.php(1089): CodeIgniter\View\View->render('v_show_lot', Array, true)
#3 C:\xampp\htdocs\warehouse\app\Controllers\Warehouse.php(109): view('v_show_lot', Array)
#4 C:\xampp\htdocs\warehouse\system\CodeIgniter.php(825): App\Controllers\Warehouse->show_lot()
#5 C:\xampp\htdocs\warehouse\system\CodeIgniter.php(412): CodeIgniter\CodeIgniter->runController(Object(App\Controllers\Warehouse))
#6 C:\xampp\htdocs\warehouse\system\CodeIgniter.php(320): CodeIgniter\CodeIgniter->handleRequest(NULL, Object(Config\Cache), false)
#7 C:\xampp\htdocs\warehouse\public\index.php(37): CodeIgniter\CodeIgniter->run()
#8 {main}
CRITICAL - 2022-02-26 11:44:37 --> Object of class stdClass could not be converted to string
#0 C:\xampp\htdocs\warehouse\system\View\View.php(210): include()
#1 C:\xampp\htdocs\warehouse\system\View\View.php(213): CodeIgniter\View\View->CodeIgniter\View\{closure}()
#2 C:\xampp\htdocs\warehouse\system\Common.php(1089): CodeIgniter\View\View->render('v_show_lot', Array, true)
#3 C:\xampp\htdocs\warehouse\app\Controllers\Warehouse.php(109): view('v_show_lot', Array)
#4 C:\xampp\htdocs\warehouse\system\CodeIgniter.php(825): App\Controllers\Warehouse->show_lot()
#5 C:\xampp\htdocs\warehouse\system\CodeIgniter.php(412): CodeIgniter\CodeIgniter->runController(Object(App\Controllers\Warehouse))
#6 C:\xampp\htdocs\warehouse\system\CodeIgniter.php(320): CodeIgniter\CodeIgniter->handleRequest(NULL, Object(Config\Cache), false)
#7 C:\xampp\htdocs\warehouse\public\index.php(37): CodeIgniter\CodeIgniter->run()
#8 {main}
CRITICAL - 2022-02-26 11:45:20 --> Object of class stdClass could not be converted to string
#0 C:\xampp\htdocs\warehouse\system\View\View.php(210): include()
#1 C:\xampp\htdocs\warehouse\system\View\View.php(213): CodeIgniter\View\View->CodeIgniter\View\{closure}()
#2 C:\xampp\htdocs\warehouse\system\Common.php(1089): CodeIgniter\View\View->render('v_show_lot', Array, true)
#3 C:\xampp\htdocs\warehouse\app\Controllers\Warehouse.php(109): view('v_show_lot', Array)
#4 C:\xampp\htdocs\warehouse\system\CodeIgniter.php(825): App\Controllers\Warehouse->show_lot()
#5 C:\xampp\htdocs\warehouse\system\CodeIgniter.php(412): CodeIgniter\CodeIgniter->runController(Object(App\Controllers\Warehouse))
#6 C:\xampp\htdocs\warehouse\system\CodeIgniter.php(320): CodeIgniter\CodeIgniter->handleRequest(NULL, Object(Config\Cache), false)
#7 C:\xampp\htdocs\warehouse\public\index.php(37): CodeIgniter\CodeIgniter->run()
#8 {main}
CRITICAL - 2022-02-26 11:45:21 --> Object of class stdClass could not be converted to string
#0 C:\xampp\htdocs\warehouse\system\View\View.php(210): include()
#1 C:\xampp\htdocs\warehouse\system\View\View.php(213): CodeIgniter\View\View->CodeIgniter\View\{closure}()
#2 C:\xampp\htdocs\warehouse\system\Common.php(1089): CodeIgniter\View\View->render('v_show_lot', Array, true)
#3 C:\xampp\htdocs\warehouse\app\Controllers\Warehouse.php(109): view('v_show_lot', Array)
#4 C:\xampp\htdocs\warehouse\system\CodeIgniter.php(825): App\Controllers\Warehouse->show_lot()
#5 C:\xampp\htdocs\warehouse\system\CodeIgniter.php(412): CodeIgniter\CodeIgniter->runController(Object(App\Controllers\Warehouse))
#6 C:\xampp\htdocs\warehouse\system\CodeIgniter.php(320): CodeIgniter\CodeIgniter->handleRequest(NULL, Object(Config\Cache), false)
#7 C:\xampp\htdocs\warehouse\public\index.php(37): CodeIgniter\CodeIgniter->run()
#8 {main}
CRITICAL - 2022-02-26 11:47:27 --> Undefined variable $ses_data
#0 C:\xampp\htdocs\warehouse\app\Views\v_show_lot.php(27): CodeIgniter\Debug\Exceptions->errorHandler(2, 'Undefined varia...', 'C:\\xampp\\htdocs...', 27)
#1 C:\xampp\htdocs\warehouse\system\View\View.php(210): include('C:\\xampp\\htdocs...')
#2 C:\xampp\htdocs\warehouse\system\View\View.php(213): CodeIgniter\View\View->CodeIgniter\View\{closure}()
#3 C:\xampp\htdocs\warehouse\system\Common.php(1089): CodeIgniter\View\View->render('v_show_lot', Array, true)
#4 C:\xampp\htdocs\warehouse\app\Controllers\Warehouse.php(109): view('v_show_lot', Array)
#5 C:\xampp\htdocs\warehouse\system\CodeIgniter.php(825): App\Controllers\Warehouse->show_lot()
#6 C:\xampp\htdocs\warehouse\system\CodeIgniter.php(412): CodeIgniter\CodeIgniter->runController(Object(App\Controllers\Warehouse))
#7 C:\xampp\htdocs\warehouse\system\CodeIgniter.php(320): CodeIgniter\CodeIgniter->handleRequest(NULL, Object(Config\Cache), false)
#8 C:\xampp\htdocs\warehouse\public\index.php(37): CodeIgniter\CodeIgniter->run()
#9 {main}
CRITICAL - 2022-02-26 11:47:29 --> Undefined variable $ses_data
#0 C:\xampp\htdocs\warehouse\app\Views\v_show_lot.php(27): CodeIgniter\Debug\Exceptions->errorHandler(2, 'Undefined varia...', 'C:\\xampp\\htdocs...', 27)
#1 C:\xampp\htdocs\warehouse\system\View\View.php(210): include('C:\\xampp\\htdocs...')
#2 C:\xampp\htdocs\warehouse\system\View\View.php(213): CodeIgniter\View\View->CodeIgniter\View\{closure}()
#3 C:\xampp\htdocs\warehouse\system\Common.php(1089): CodeIgniter\View\View->render('v_show_lot', Array, true)
#4 C:\xampp\htdocs\warehouse\app\Controllers\Warehouse.php(109): view('v_show_lot', Array)
#5 C:\xampp\htdocs\warehouse\system\CodeIgniter.php(825): App\Controllers\Warehouse->show_lot()
#6 C:\xampp\htdocs\warehouse\system\CodeIgniter.php(412): CodeIgniter\CodeIgniter->runController(Object(App\Controllers\Warehouse))
#7 C:\xampp\htdocs\warehouse\system\CodeIgniter.php(320): CodeIgniter\CodeIgniter->handleRequest(NULL, Object(Config\Cache), false)
#8 C:\xampp\htdocs\warehouse\public\index.php(37): CodeIgniter\CodeIgniter->run()
#9 {main}
CRITICAL - 2022-02-26 11:48:21 --> Object of type CodeIgniter\Session\Session is not callable
#0 C:\xampp\htdocs\warehouse\system\View\View.php(210): include()
#1 C:\xampp\htdocs\warehouse\system\View\View.php(213): CodeIgniter\View\View->CodeIgniter\View\{closure}()
#2 C:\xampp\htdocs\warehouse\system\Common.php(1089): CodeIgniter\View\View->render('v_show_lot', Array, true)
#3 C:\xampp\htdocs\warehouse\app\Controllers\Warehouse.php(109): view('v_show_lot', Array)
#4 C:\xampp\htdocs\warehouse\system\CodeIgniter.php(825): App\Controllers\Warehouse->show_lot()
#5 C:\xampp\htdocs\warehouse\system\CodeIgniter.php(412): CodeIgniter\CodeIgniter->runController(Object(App\Controllers\Warehouse))
#6 C:\xampp\htdocs\warehouse\system\CodeIgniter.php(320): CodeIgniter\CodeIgniter->handleRequest(NULL, Object(Config\Cache), false)
#7 C:\xampp\htdocs\warehouse\public\index.php(37): CodeIgniter\CodeIgniter->run()
#8 {main}
CRITICAL - 2022-02-26 11:48:22 --> Object of type CodeIgniter\Session\Session is not callable
#0 C:\xampp\htdocs\warehouse\system\View\View.php(210): include()
#1 C:\xampp\htdocs\warehouse\system\View\View.php(213): CodeIgniter\View\View->CodeIgniter\View\{closure}()
#2 C:\xampp\htdocs\warehouse\system\Common.php(1089): CodeIgniter\View\View->render('v_show_lot', Array, true)
#3 C:\xampp\htdocs\warehouse\app\Controllers\Warehouse.php(109): view('v_show_lot', Array)
#4 C:\xampp\htdocs\warehouse\system\CodeIgniter.php(825): App\Controllers\Warehouse->show_lot()
#5 C:\xampp\htdocs\warehouse\system\CodeIgniter.php(412): CodeIgniter\CodeIgniter->runController(Object(App\Controllers\Warehouse))
#6 C:\xampp\htdocs\warehouse\system\CodeIgniter.php(320): CodeIgniter\CodeIgniter->handleRequest(NULL, Object(Config\Cache), false)
#7 C:\xampp\htdocs\warehouse\public\index.php(37): CodeIgniter\CodeIgniter->run()
#8 {main}
CRITICAL - 2022-02-26 11:48:23 --> Object of type CodeIgniter\Session\Session is not callable
#0 C:\xampp\htdocs\warehouse\system\View\View.php(210): include()
#1 C:\xampp\htdocs\warehouse\system\View\View.php(213): CodeIgniter\View\View->CodeIgniter\View\{closure}()
#2 C:\xampp\htdocs\warehouse\system\Common.php(1089): CodeIgniter\View\View->render('v_show_lot', Array, true)
#3 C:\xampp\htdocs\warehouse\app\Controllers\Warehouse.php(109): view('v_show_lot', Array)
#4 C:\xampp\htdocs\warehouse\system\CodeIgniter.php(825): App\Controllers\Warehouse->show_lot()
#5 C:\xampp\htdocs\warehouse\system\CodeIgniter.php(412): CodeIgniter\CodeIgniter->runController(Object(App\Controllers\Warehouse))
#6 C:\xampp\htdocs\warehouse\system\CodeIgniter.php(320): CodeIgniter\CodeIgniter->handleRequest(NULL, Object(Config\Cache), false)
#7 C:\xampp\htdocs\warehouse\public\index.php(37): CodeIgniter\CodeIgniter->run()
#8 {main}
CRITICAL - 2022-02-26 11:48:23 --> Object of type CodeIgniter\Session\Session is not callable
#0 C:\xampp\htdocs\warehouse\system\View\View.php(210): include()
#1 C:\xampp\htdocs\warehouse\system\View\View.php(213): CodeIgniter\View\View->CodeIgniter\View\{closure}()
#2 C:\xampp\htdocs\warehouse\system\Common.php(1089): CodeIgniter\View\View->render('v_show_lot', Array, true)
#3 C:\xampp\htdocs\warehouse\app\Controllers\Warehouse.php(109): view('v_show_lot', Array)
#4 C:\xampp\htdocs\warehouse\system\CodeIgniter.php(825): App\Controllers\Warehouse->show_lot()
#5 C:\xampp\htdocs\warehouse\system\CodeIgniter.php(412): CodeIgniter\CodeIgniter->runController(Object(App\Controllers\Warehouse))
#6 C:\xampp\htdocs\warehouse\system\CodeIgniter.php(320): CodeIgniter\CodeIgniter->handleRequest(NULL, Object(Config\Cache), false)
#7 C:\xampp\htdocs\warehouse\public\index.php(37): CodeIgniter\CodeIgniter->run()
#8 {main}
CRITICAL - 2022-02-26 11:48:23 --> Object of type CodeIgniter\Session\Session is not callable
#0 C:\xampp\htdocs\warehouse\system\View\View.php(210): include()
#1 C:\xampp\htdocs\warehouse\system\View\View.php(213): CodeIgniter\View\View->CodeIgniter\View\{closure}()
#2 C:\xampp\htdocs\warehouse\system\Common.php(1089): CodeIgniter\View\View->render('v_show_lot', Array, true)
#3 C:\xampp\htdocs\warehouse\app\Controllers\Warehouse.php(109): view('v_show_lot', Array)
#4 C:\xampp\htdocs\warehouse\system\CodeIgniter.php(825): App\Controllers\Warehouse->show_lot()
#5 C:\xampp\htdocs\warehouse\system\CodeIgniter.php(412): CodeIgniter\CodeIgniter->runController(Object(App\Controllers\Warehouse))
#6 C:\xampp\htdocs\warehouse\system\CodeIgniter.php(320): CodeIgniter\CodeIgniter->handleRequest(NULL, Object(Config\Cache), false)
#7 C:\xampp\htdocs\warehouse\public\index.php(37): CodeIgniter\CodeIgniter->run()
#8 {main}
CRITICAL - 2022-02-26 11:48:23 --> Object of type CodeIgniter\Session\Session is not callable
#0 C:\xampp\htdocs\warehouse\system\View\View.php(210): include()
#1 C:\xampp\htdocs\warehouse\system\View\View.php(213): CodeIgniter\View\View->CodeIgniter\View\{closure}()
#2 C:\xampp\htdocs\warehouse\system\Common.php(1089): CodeIgniter\View\View->render('v_show_lot', Array, true)
#3 C:\xampp\htdocs\warehouse\app\Controllers\Warehouse.php(109): view('v_show_lot', Array)
#4 C:\xampp\htdocs\warehouse\system\CodeIgniter.php(825): App\Controllers\Warehouse->show_lot()
#5 C:\xampp\htdocs\warehouse\system\CodeIgniter.php(412): CodeIgniter\CodeIgniter->runController(Object(App\Controllers\Warehouse))
#6 C:\xampp\htdocs\warehouse\system\CodeIgniter.php(320): CodeIgniter\CodeIgniter->handleRequest(NULL, Object(Config\Cache), false)
#7 C:\xampp\htdocs\warehouse\public\index.php(37): CodeIgniter\CodeIgniter->run()
#8 {main}
CRITICAL - 2022-02-26 11:48:24 --> Object of type CodeIgniter\Session\Session is not callable
#0 C:\xampp\htdocs\warehouse\system\View\View.php(210): include()
#1 C:\xampp\htdocs\warehouse\system\View\View.php(213): CodeIgniter\View\View->CodeIgniter\View\{closure}()
#2 C:\xampp\htdocs\warehouse\system\Common.php(1089): CodeIgniter\View\View->render('v_show_lot', Array, true)
#3 C:\xampp\htdocs\warehouse\app\Controllers\Warehouse.php(109): view('v_show_lot', Array)
#4 C:\xampp\htdocs\warehouse\system\CodeIgniter.php(825): App\Controllers\Warehouse->show_lot()
#5 C:\xampp\htdocs\warehouse\system\CodeIgniter.php(412): CodeIgniter\CodeIgniter->runController(Object(App\Controllers\Warehouse))
#6 C:\xampp\htdocs\warehouse\system\CodeIgniter.php(320): CodeIgniter\CodeIgniter->handleRequest(NULL, Object(Config\Cache), false)
#7 C:\xampp\htdocs\warehouse\public\index.php(37): CodeIgniter\CodeIgniter->run()
#8 {main}
CRITICAL - 2022-02-26 11:48:43 --> Object of type CodeIgniter\Session\Session is not callable
#0 C:\xampp\htdocs\warehouse\system\View\View.php(210): include()
#1 C:\xampp\htdocs\warehouse\system\View\View.php(213): CodeIgniter\View\View->CodeIgniter\View\{closure}()
#2 C:\xampp\htdocs\warehouse\system\Common.php(1089): CodeIgniter\View\View->render('v_show_lot', Array, true)
#3 C:\xampp\htdocs\warehouse\app\Controllers\Warehouse.php(109): view('v_show_lot', Array)
#4 C:\xampp\htdocs\warehouse\system\CodeIgniter.php(825): App\Controllers\Warehouse->show_lot()
#5 C:\xampp\htdocs\warehouse\system\CodeIgniter.php(412): CodeIgniter\CodeIgniter->runController(Object(App\Controllers\Warehouse))
#6 C:\xampp\htdocs\warehouse\system\CodeIgniter.php(320): CodeIgniter\CodeIgniter->handleRequest(NULL, Object(Config\Cache), false)
#7 C:\xampp\htdocs\warehouse\public\index.php(37): CodeIgniter\CodeIgniter->run()
#8 {main}
CRITICAL - 2022-02-26 11:49:55 --> Object of type CodeIgniter\Session\Session is not callable
#0 C:\xampp\htdocs\warehouse\system\View\View.php(210): include()
#1 C:\xampp\htdocs\warehouse\system\View\View.php(213): CodeIgniter\View\View->CodeIgniter\View\{closure}()
#2 C:\xampp\htdocs\warehouse\system\Common.php(1089): CodeIgniter\View\View->render('v_show_lot', Array, true)
#3 C:\xampp\htdocs\warehouse\app\Controllers\Warehouse.php(109): view('v_show_lot', Array)
#4 C:\xampp\htdocs\warehouse\system\CodeIgniter.php(825): App\Controllers\Warehouse->show_lot()
#5 C:\xampp\htdocs\warehouse\system\CodeIgniter.php(412): CodeIgniter\CodeIgniter->runController(Object(App\Controllers\Warehouse))
#6 C:\xampp\htdocs\warehouse\system\CodeIgniter.php(320): CodeIgniter\CodeIgniter->handleRequest(NULL, Object(Config\Cache), false)
#7 C:\xampp\htdocs\warehouse\public\index.php(37): CodeIgniter\CodeIgniter->run()
#8 {main}
CRITICAL - 2022-02-26 11:50:36 --> Object of class stdClass could not be converted to string
#0 C:\xampp\htdocs\warehouse\system\View\View.php(210): include()
#1 C:\xampp\htdocs\warehouse\system\View\View.php(213): CodeIgniter\View\View->CodeIgniter\View\{closure}()
#2 C:\xampp\htdocs\warehouse\system\Common.php(1089): CodeIgniter\View\View->render('v_show_lot', Array, true)
#3 C:\xampp\htdocs\warehouse\app\Controllers\Warehouse.php(109): view('v_show_lot', Array)
#4 C:\xampp\htdocs\warehouse\system\CodeIgniter.php(825): App\Controllers\Warehouse->show_lot()
#5 C:\xampp\htdocs\warehouse\system\CodeIgniter.php(412): CodeIgniter\CodeIgniter->runController(Object(App\Controllers\Warehouse))
#6 C:\xampp\htdocs\warehouse\system\CodeIgniter.php(320): CodeIgniter\CodeIgniter->handleRequest(NULL, Object(Config\Cache), false)
#7 C:\xampp\htdocs\warehouse\public\index.php(37): CodeIgniter\CodeIgniter->run()
#8 {main}
CRITICAL - 2022-02-26 11:54:14 --> view(): Argument #3 ($options) must be of type array, stdClass given, called in C:\xampp\htdocs\warehouse\app\Controllers\Warehouse.php on line 111
#0 C:\xampp\htdocs\warehouse\app\Controllers\Warehouse.php(111): view('v_show_lot', Array, Object(stdClass))
#1 C:\xampp\htdocs\warehouse\system\CodeIgniter.php(825): App\Controllers\Warehouse->show_lot()
#2 C:\xampp\htdocs\warehouse\system\CodeIgniter.php(412): CodeIgniter\CodeIgniter->runController(Object(App\Controllers\Warehouse))
#3 C:\xampp\htdocs\warehouse\system\CodeIgniter.php(320): CodeIgniter\CodeIgniter->handleRequest(NULL, Object(Config\Cache), false)
#4 C:\xampp\htdocs\warehouse\public\index.php(37): CodeIgniter\CodeIgniter->run()
#5 {main}
CRITICAL - 2022-02-26 11:55:46 --> Object of class stdClass could not be converted to string
#0 C:\xampp\htdocs\warehouse\system\View\View.php(210): include()
#1 C:\xampp\htdocs\warehouse\system\View\View.php(213): CodeIgniter\View\View->CodeIgniter\View\{closure}()
#2 C:\xampp\htdocs\warehouse\system\Common.php(1089): CodeIgniter\View\View->render('v_show_lot', Array, true)
#3 C:\xampp\htdocs\warehouse\app\Controllers\Warehouse.php(111): view('v_show_lot', Array)
#4 C:\xampp\htdocs\warehouse\system\CodeIgniter.php(825): App\Controllers\Warehouse->show_lot()
#5 C:\xampp\htdocs\warehouse\system\CodeIgniter.php(412): CodeIgniter\CodeIgniter->runController(Object(App\Controllers\Warehouse))
#6 C:\xampp\htdocs\warehouse\system\CodeIgniter.php(320): CodeIgniter\CodeIgniter->handleRequest(NULL, Object(Config\Cache), false)
#7 C:\xampp\htdocs\warehouse\public\index.php(37): CodeIgniter\CodeIgniter->run()
#8 {main}
CRITICAL - 2022-02-26 12:29:14 --> Unsupported operand types: stdClass * string
#0 C:\xampp\htdocs\warehouse\app\Controllers\Warehouse.php(121): App\Models\M_medicine_lot->insert_lot('8851473001443', '120', '2022-02-27', '2027-02-27')
#1 C:\xampp\htdocs\warehouse\system\CodeIgniter.php(825): App\Controllers\Warehouse->insert_lot()
#2 C:\xampp\htdocs\warehouse\system\CodeIgniter.php(412): CodeIgniter\CodeIgniter->runController(Object(App\Controllers\Warehouse))
#3 C:\xampp\htdocs\warehouse\system\CodeIgniter.php(320): CodeIgniter\CodeIgniter->handleRequest(NULL, Object(Config\Cache), false)
#4 C:\xampp\htdocs\warehouse\public\index.php(37): CodeIgniter\CodeIgniter->run()
#5 {main}
CRITICAL - 2022-02-26 12:32:18 --> Object of class stdClass could not be converted to float
#0 C:\xampp\htdocs\warehouse\app\Models\M_medicine_lot.php(31): CodeIgniter\Debug\Exceptions->errorHandler(2, 'Object of class...', 'C:\\xampp\\htdocs...', 31)
#1 C:\xampp\htdocs\warehouse\app\Controllers\Warehouse.php(121): App\Models\M_medicine_lot->insert_lot('8851473001443', '120', '2022-02-27', '2027-02-27')
#2 C:\xampp\htdocs\warehouse\system\CodeIgniter.php(825): App\Controllers\Warehouse->insert_lot()
#3 C:\xampp\htdocs\warehouse\system\CodeIgniter.php(412): CodeIgniter\CodeIgniter->runController(Object(App\Controllers\Warehouse))
#4 C:\xampp\htdocs\warehouse\system\CodeIgniter.php(320): CodeIgniter\CodeIgniter->handleRequest(NULL, Object(Config\Cache), false)
#5 C:\xampp\htdocs\warehouse\public\index.php(37): CodeIgniter\CodeIgniter->run()
#6 {main}
CRITICAL - 2022-02-26 12:32:54 --> Object of class stdClass could not be converted to string
#0 C:\xampp\htdocs\warehouse\app\Controllers\Warehouse.php(125): App\Models\M_history->insert_history(Object(stdClass), Object(stdClass))
#1 C:\xampp\htdocs\warehouse\system\CodeIgniter.php(825): App\Controllers\Warehouse->insert_lot()
#2 C:\xampp\htdocs\warehouse\system\CodeIgniter.php(412): CodeIgniter\CodeIgniter->runController(Object(App\Controllers\Warehouse))
#3 C:\xampp\htdocs\warehouse\system\CodeIgniter.php(320): CodeIgniter\CodeIgniter->handleRequest(NULL, Object(Config\Cache), false)
#4 C:\xampp\htdocs\warehouse\public\index.php(37): CodeIgniter\CodeIgniter->run()
#5 {main}
CRITICAL - 2022-02-26 12:34:39 --> Object of class stdClass could not be converted to string
#0 C:\xampp\htdocs\warehouse\app\Controllers\Warehouse.php(125): App\Models\M_history->insert_history(Object(stdClass), Object(stdClass))
#1 C:\xampp\htdocs\warehouse\system\CodeIgniter.php(825): App\Controllers\Warehouse->insert_lot()
#2 C:\xampp\htdocs\warehouse\system\CodeIgniter.php(412): CodeIgniter\CodeIgniter->runController(Object(App\Controllers\Warehouse))
#3 C:\xampp\htdocs\warehouse\system\CodeIgniter.php(320): CodeIgniter\CodeIgniter->handleRequest(NULL, Object(Config\Cache), false)
#4 C:\xampp\htdocs\warehouse\public\index.php(37): CodeIgniter\CodeIgniter->run()
#5 {main}
CRITICAL - 2022-02-26 13:01:58 --> Object of class stdClass could not be converted to int
#0 C:\xampp\htdocs\warehouse\app\Controllers\Warehouse.php(124): CodeIgniter\Debug\Exceptions->errorHandler(2, 'Object of class...', 'C:\\xampp\\htdocs...', 124)
#1 C:\xampp\htdocs\warehouse\system\CodeIgniter.php(825): App\Controllers\Warehouse->insert_lot()
#2 C:\xampp\htdocs\warehouse\system\CodeIgniter.php(412): CodeIgniter\CodeIgniter->runController(Object(App\Controllers\Warehouse))
#3 C:\xampp\htdocs\warehouse\system\CodeIgniter.php(320): CodeIgniter\CodeIgniter->handleRequest(NULL, Object(Config\Cache), false)
#4 C:\xampp\htdocs\warehouse\public\index.php(37): CodeIgniter\CodeIgniter->run()
#5 {main}
CRITICAL - 2022-02-26 13:04:18 --> Object of class stdClass could not be converted to int
#0 C:\xampp\htdocs\warehouse\app\Controllers\Warehouse.php(116): CodeIgniter\Debug\Exceptions->errorHandler(2, 'Object of class...', 'C:\\xampp\\htdocs...', 116)
#1 C:\xampp\htdocs\warehouse\system\CodeIgniter.php(825): App\Controllers\Warehouse->insert_lot()
#2 C:\xampp\htdocs\warehouse\system\CodeIgniter.php(412): CodeIgniter\CodeIgniter->runController(Object(App\Controllers\Warehouse))
#3 C:\xampp\htdocs\warehouse\system\CodeIgniter.php(320): CodeIgniter\CodeIgniter->handleRequest(NULL, Object(Config\Cache), false)
#4 C:\xampp\htdocs\warehouse\public\index.php(37): CodeIgniter\CodeIgniter->run()
#5 {main}
CRITICAL - 2022-02-26 13:05:29 --> Object of class stdClass could not be converted to string
#0 C:\xampp\htdocs\warehouse\system\View\View.php(210): include()
#1 C:\xampp\htdocs\warehouse\system\View\View.php(213): CodeIgniter\View\View->CodeIgniter\View\{closure}()
#2 C:\xampp\htdocs\warehouse\system\Common.php(1089): CodeIgniter\View\View->render('v_show_lot', Array, true)
#3 C:\xampp\htdocs\warehouse\app\Controllers\Warehouse.php(106): view('v_show_lot', Array)
#4 C:\xampp\htdocs\warehouse\system\CodeIgniter.php(825): App\Controllers\Warehouse->show_lot()
#5 C:\xampp\htdocs\warehouse\system\CodeIgniter.php(412): CodeIgniter\CodeIgniter->runController(Object(App\Controllers\Warehouse))
#6 C:\xampp\htdocs\warehouse\system\CodeIgniter.php(320): CodeIgniter\CodeIgniter->handleRequest(NULL, Object(Config\Cache), false)
#7 C:\xampp\htdocs\warehouse\public\index.php(37): CodeIgniter\CodeIgniter->run()
#8 {main}
CRITICAL - 2022-02-26 13:06:40 --> Object of class stdClass could not be converted to string
#0 C:\xampp\htdocs\warehouse\system\View\View.php(210): include()
#1 C:\xampp\htdocs\warehouse\system\View\View.php(213): CodeIgniter\View\View->CodeIgniter\View\{closure}()
#2 C:\xampp\htdocs\warehouse\system\Common.php(1089): CodeIgniter\View\View->render('v_show_lot', Array, true)
#3 C:\xampp\htdocs\warehouse\app\Controllers\Warehouse.php(106): view('v_show_lot', Array)
#4 C:\xampp\htdocs\warehouse\system\CodeIgniter.php(825): App\Controllers\Warehouse->show_lot()
#5 C:\xampp\htdocs\warehouse\system\CodeIgniter.php(412): CodeIgniter\CodeIgniter->runController(Object(App\Controllers\Warehouse))
#6 C:\xampp\htdocs\warehouse\system\CodeIgniter.php(320): CodeIgniter\CodeIgniter->handleRequest(NULL, Object(Config\Cache), false)
#7 C:\xampp\htdocs\warehouse\public\index.php(37): CodeIgniter\CodeIgniter->run()
#8 {main}
CRITICAL - 2022-02-26 13:17:14 --> Object of class stdClass could not be converted to int
#0 C:\xampp\htdocs\warehouse\app\Controllers\Warehouse.php(123): CodeIgniter\Debug\Exceptions->errorHandler(2, 'Object of class...', 'C:\\xampp\\htdocs...', 123)
#1 C:\xampp\htdocs\warehouse\system\CodeIgniter.php(825): App\Controllers\Warehouse->insert_lot()
#2 C:\xampp\htdocs\warehouse\system\CodeIgniter.php(412): CodeIgniter\CodeIgniter->runController(Object(App\Controllers\Warehouse))
#3 C:\xampp\htdocs\warehouse\system\CodeIgniter.php(320): CodeIgniter\CodeIgniter->handleRequest(NULL, Object(Config\Cache), false)
#4 C:\xampp\htdocs\warehouse\public\index.php(37): CodeIgniter\CodeIgniter->run()
#5 {main}
CRITICAL - 2022-02-26 13:26:00 --> Object of class CodeIgniter\Database\MySQLi\Result could not be converted to float
#0 C:\xampp\htdocs\warehouse\app\Models\M_medicine_lot.php(36): CodeIgniter\Debug\Exceptions->errorHandler(2, 'Object of class...', 'C:\\xampp\\htdocs...', 36)
#1 C:\xampp\htdocs\warehouse\app\Controllers\Warehouse.php(120): App\Models\M_medicine_lot->insert_lot('8851473001443', '300', '2022-02-19', '2022-02-26')
#2 C:\xampp\htdocs\warehouse\system\CodeIgniter.php(825): App\Controllers\Warehouse->insert_lot()
#3 C:\xampp\htdocs\warehouse\system\CodeIgniter.php(412): CodeIgniter\CodeIgniter->runController(Object(App\Controllers\Warehouse))
#4 C:\xampp\htdocs\warehouse\system\CodeIgniter.php(320): CodeIgniter\CodeIgniter->handleRequest(NULL, Object(Config\Cache), false)
#5 C:\xampp\htdocs\warehouse\public\index.php(37): CodeIgniter\CodeIgniter->run()
#6 {main}
CRITICAL - 2022-02-26 13:26:34 --> Unsupported operand types: CodeIgniter\Database\MySQLi\Result * string
#0 C:\xampp\htdocs\warehouse\app\Controllers\Warehouse.php(120): App\Models\M_medicine_lot->insert_lot('8851473001443', '100', '2022-02-12', '2022-02-24')
#1 C:\xampp\htdocs\warehouse\system\CodeIgniter.php(825): App\Controllers\Warehouse->insert_lot()
#2 C:\xampp\htdocs\warehouse\system\CodeIgniter.php(412): CodeIgniter\CodeIgniter->runController(Object(App\Controllers\Warehouse))
#3 C:\xampp\htdocs\warehouse\system\CodeIgniter.php(320): CodeIgniter\CodeIgniter->handleRequest(NULL, Object(Config\Cache), false)
#4 C:\xampp\htdocs\warehouse\public\index.php(37): CodeIgniter\CodeIgniter->run()
#5 {main}
CRITICAL - 2022-02-26 13:27:10 --> Unsupported operand types: CodeIgniter\Database\MySQLi\Result * int
#0 C:\xampp\htdocs\warehouse\app\Controllers\Warehouse.php(120): App\Models\M_medicine_lot->insert_lot('8851473001443', '500', '2022-02-12', '2022-02-24')
#1 C:\xampp\htdocs\warehouse\system\CodeIgniter.php(825): App\Controllers\Warehouse->insert_lot()
#2 C:\xampp\htdocs\warehouse\system\CodeIgniter.php(412): CodeIgniter\CodeIgniter->runController(Object(App\Controllers\Warehouse))
#3 C:\xampp\htdocs\warehouse\system\CodeIgniter.php(320): CodeIgniter\CodeIgniter->handleRequest(NULL, Object(Config\Cache), false)
#4 C:\xampp\htdocs\warehouse\public\index.php(37): CodeIgniter\CodeIgniter->run()
#5 {main}
CRITICAL - 2022-02-26 13:29:40 --> Object of class stdClass could not be converted to float
#0 C:\xampp\htdocs\warehouse\app\Models\M_medicine_lot.php(36): CodeIgniter\Debug\Exceptions->errorHandler(2, 'Object of class...', 'C:\\xampp\\htdocs...', 36)
#1 C:\xampp\htdocs\warehouse\app\Controllers\Warehouse.php(120): App\Models\M_medicine_lot->insert_lot('8851473001443', '400', '2022-02-04', '2022-02-18')
#2 C:\xampp\htdocs\warehouse\system\CodeIgniter.php(825): App\Controllers\Warehouse->insert_lot()
#3 C:\xampp\htdocs\warehouse\system\CodeIgniter.php(412): CodeIgniter\CodeIgniter->runController(Object(App\Controllers\Warehouse))
#4 C:\xampp\htdocs\warehouse\system\CodeIgniter.php(320): CodeIgniter\CodeIgniter->handleRequest(NULL, Object(Config\Cache), false)
#5 C:\xampp\htdocs\warehouse\public\index.php(37): CodeIgniter\CodeIgniter->run()
#6 {main}
CRITICAL - 2022-02-26 13:32:02 --> Object of class CodeIgniter\Database\MySQLi\Result could not be converted to float
#0 C:\xampp\htdocs\warehouse\app\Models\M_medicine_lot.php(36): CodeIgniter\Debug\Exceptions->errorHandler(2, 'Object of class...', 'C:\\xampp\\htdocs...', 36)
#1 C:\xampp\htdocs\warehouse\app\Controllers\Warehouse.php(120): App\Models\M_medicine_lot->insert_lot('8851473001443', '400', '2022-02-04', '2022-02-18')
#2 C:\xampp\htdocs\warehouse\system\CodeIgniter.php(825): App\Controllers\Warehouse->insert_lot()
#3 C:\xampp\htdocs\warehouse\system\CodeIgniter.php(412): CodeIgniter\CodeIgniter->runController(Object(App\Controllers\Warehouse))
#4 C:\xampp\htdocs\warehouse\system\CodeIgniter.php(320): CodeIgniter\CodeIgniter->handleRequest(NULL, Object(Config\Cache), false)
#5 C:\xampp\htdocs\warehouse\public\index.php(37): CodeIgniter\CodeIgniter->run()
#6 {main}
CRITICAL - 2022-02-26 13:32:14 --> Unsupported operand types: CodeIgniter\Database\MySQLi\Result * int
#0 C:\xampp\htdocs\warehouse\app\Controllers\Warehouse.php(120): App\Models\M_medicine_lot->insert_lot('8851473001443', '400', '2022-02-04', '2022-02-18')
#1 C:\xampp\htdocs\warehouse\system\CodeIgniter.php(825): App\Controllers\Warehouse->insert_lot()
#2 C:\xampp\htdocs\warehouse\system\CodeIgniter.php(412): CodeIgniter\CodeIgniter->runController(Object(App\Controllers\Warehouse))
#3 C:\xampp\htdocs\warehouse\system\CodeIgniter.php(320): CodeIgniter\CodeIgniter->handleRequest(NULL, Object(Config\Cache), false)
#4 C:\xampp\htdocs\warehouse\public\index.php(37): CodeIgniter\CodeIgniter->run()
#5 {main}
CRITICAL - 2022-02-26 13:36:47 --> Unsupported operand types: mysqli_result * int
#0 C:\xampp\htdocs\warehouse\app\Controllers\Warehouse.php(120): App\Models\M_medicine_lot->insert_lot('8851473001443', '400', '2022-02-04', '2022-02-18')
#1 C:\xampp\htdocs\warehouse\system\CodeIgniter.php(825): App\Controllers\Warehouse->insert_lot()
#2 C:\xampp\htdocs\warehouse\system\CodeIgniter.php(412): CodeIgniter\CodeIgniter->runController(Object(App\Controllers\Warehouse))
#3 C:\xampp\htdocs\warehouse\system\CodeIgniter.php(320): CodeIgniter\CodeIgniter->handleRequest(NULL, Object(Config\Cache), false)
#4 C:\xampp\htdocs\warehouse\public\index.php(37): CodeIgniter\CodeIgniter->run()
#5 {main}
CRITICAL - 2022-02-26 13:37:12 --> Object of class mysqli_result could not be converted to float
#0 C:\xampp\htdocs\warehouse\app\Models\M_medicine_lot.php(37): CodeIgniter\Debug\Exceptions->errorHandler(2, 'Object of class...', 'C:\\xampp\\htdocs...', 37)
#1 C:\xampp\htdocs\warehouse\app\Controllers\Warehouse.php(120): App\Models\M_medicine_lot->insert_lot('8851473001443', '400', '2022-02-04', '2022-02-18')
#2 C:\xampp\htdocs\warehouse\system\CodeIgniter.php(825): App\Controllers\Warehouse->insert_lot()
#3 C:\xampp\htdocs\warehouse\system\CodeIgniter.php(412): CodeIgniter\CodeIgniter->runController(Object(App\Controllers\Warehouse))
#4 C:\xampp\htdocs\warehouse\system\CodeIgniter.php(320): CodeIgniter\CodeIgniter->handleRequest(NULL, Object(Config\Cache), false)
#5 C:\xampp\htdocs\warehouse\public\index.php(37): CodeIgniter\CodeIgniter->run()
#6 {main}
CRITICAL - 2022-02-26 13:42:14 --> Object of class mysqli_result could not be converted to string
#0 C:\xampp\htdocs\warehouse\app\Controllers\Warehouse.php(120): App\Models\M_medicine_lot->insert_lot('8851473001443', '400', '2022-02-04', '2022-02-18')
#1 C:\xampp\htdocs\warehouse\system\CodeIgniter.php(825): App\Controllers\Warehouse->insert_lot()
#2 C:\xampp\htdocs\warehouse\system\CodeIgniter.php(412): CodeIgniter\CodeIgniter->runController(Object(App\Controllers\Warehouse))
#3 C:\xampp\htdocs\warehouse\system\CodeIgniter.php(320): CodeIgniter\CodeIgniter->handleRequest(NULL, Object(Config\Cache), false)
#4 C:\xampp\htdocs\warehouse\public\index.php(37): CodeIgniter\CodeIgniter->run()
#5 {main}
CRITICAL - 2022-02-26 14:20:25 --> Cannot redeclare App\Models\M_history::insert_im_history()
#0 [internal function]: CodeIgniter\Debug\Exceptions->shutdownHandler()
#1 {main}
CRITICAL - 2022-02-26 14:40:23 --> Attempt to read property "med_price" on null
#0 C:\xampp\htdocs\warehouse\app\Controllers\Warehouse.php(124): CodeIgniter\Debug\Exceptions->errorHandler(2, 'Attempt to read...', 'C:\\xampp\\htdocs...', 124)
#1 C:\xampp\htdocs\warehouse\system\CodeIgniter.php(825): App\Controllers\Warehouse->insert_lot()
#2 C:\xampp\htdocs\warehouse\system\CodeIgniter.php(412): CodeIgniter\CodeIgniter->runController(Object(App\Controllers\Warehouse))
#3 C:\xampp\htdocs\warehouse\system\CodeIgniter.php(320): CodeIgniter\CodeIgniter->handleRequest(NULL, Object(Config\Cache), false)
#4 C:\xampp\htdocs\warehouse\public\index.php(37): CodeIgniter\CodeIgniter->run()
#5 {main}
